<?xml version="1.0" encoding="UTF-8"?>
<coverage generated="1750782978273" clover="3.2.0">
  <project timestamp="1750782978273" name="All files">
    <metrics statements="23" coveredstatements="6" conditionals="20" coveredconditionals="4" methods="6" coveredmethods="0" elements="49" coveredelements="10" complexity="0" loc="23" ncloc="23" packages="1" files="2" classes="2"/>
    <file name="boilerKnowledgeService.js" path="/Users/markburrows/CascadeProjects/bigbrain_website/bigbrain_recovered/server/boilerKnowledgeService.js">
      <metrics statements="17" coveredstatements="1" conditionals="14" coveredconditionals="0" methods="6" coveredmethods="0"/>
      <line num="5" count="1" type="stmt"/>
      <line num="411" count="0" type="stmt"/>
      <line num="422" count="0" type="cond" truecount="0" falsecount="2"/>
      <line num="425" count="0" type="cond" truecount="0" falsecount="2"/>
      <line num="426" count="0" type="stmt"/>
      <line num="430" count="0" type="cond" truecount="0" falsecount="2"/>
      <line num="431" count="0" type="stmt"/>
      <line num="439" count="0" type="stmt"/>
      <line num="441" count="0" type="stmt"/>
      <line num="443" count="0" type="cond" truecount="0" falsecount="2"/>
      <line num="444" count="0" type="stmt"/>
      <line num="452" count="0" type="stmt"/>
      <line num="457" count="0" type="cond" truecount="0" falsecount="2"/>
      <line num="462" count="0" type="cond" truecount="0" falsecount="2"/>
      <line num="467" count="0" type="cond" truecount="0" falsecount="2"/>
      <line num="479" count="0" type="stmt"/>
      <line num="484" count="0" type="stmt"/>
    </file>
    <file name="supabaseClient.js" path="/Users/markburrows/CascadeProjects/bigbrain_website/bigbrain_recovered/server/supabaseClient.js">
      <metrics statements="6" coveredstatements="5" conditionals="6" coveredconditionals="4" methods="0" coveredmethods="0"/>
      <line num="4" count="1" type="stmt"/>
      <line num="6" count="1" type="stmt"/>
      <line num="7" count="1" type="cond" truecount="1" falsecount="1"/>
      <line num="9" count="1" type="cond" truecount="3" falsecount="1"/>
      <line num="10" count="0" type="stmt"/>
      <line num="13" count="1" type="stmt"/>
    </file>
  </project>
</coverage>
