{"/Users/markburrows/CascadeProjects/bigbrain_website/bigbrain_recovered/server/boilerKnowledgeService.js": {"path":"/Users/markburrows/CascadeProjects/bigbrain_website/bigbrain_recovered/server/boilerKnowledgeService.js","statementMap":{"0":{"start":{"line":5,"column":24},"end":{"line":406,"column":1}},"1":{"start":{"line":411,"column":24},"end":{"line":420,"column":3}},"2":{"start":{"line":422,"column":31},"end":{"line":422,"column":88}},"3":{"start":{"line":425,"column":2},"end":{"line":427,"column":3}},"4":{"start":{"line":426,"column":4},"end":{"line":426,"column":16}},"5":{"start":{"line":430,"column":2},"end":{"line":436,"column":3}},"6":{"start":{"line":431,"column":4},"end":{"line":435,"column":6}},"7":{"start":{"line":439,"column":28},"end":{"line":439,"column":60}},"8":{"start":{"line":441,"column":2},"end":{"line":450,"column":3}},"9":{"start":{"line":443,"column":4},"end":{"line":449,"column":5}},"10":{"start":{"line":444,"column":6},"end":{"line":448,"column":8}},"11":{"start":{"line":452,"column":2},"end":{"line":452,"column":14}},"12":{"start":{"line":457,"column":2},"end":{"line":457,"column":51}},"13":{"start":{"line":462,"column":2},"end":{"line":462,"column":57}},"14":{"start":{"line":467,"column":2},"end":{"line":467,"column":51}},"15":{"start":{"line":479,"column":4},"end":{"line":479,"column":51}},"16":{"start":{"line":484,"column":4},"end":{"line":484,"column":49}}},"fnMap":{"0":{"name":"findFaultCode","decl":{"start":{"line":409,"column":9},"end":{"line":409,"column":22}},"loc":{"start":{"line":409,"column":43},"end":{"line":453,"column":1}},"line":409},"1":{"name":"getSymptomHelp","decl":{"start":{"line":456,"column":9},"end":{"line":456,"column":23}},"loc":{"start":{"line":456,"column":33},"end":{"line":458,"column":1}},"line":456},"2":{"name":"getSafetyWarning","decl":{"start":{"line":461,"column":9},"end":{"line":461,"column":25}},"loc":{"start":{"line":461,"column":35},"end":{"line":463,"column":1}},"line":461},"3":{"name":"getMaintenanceAdvice","decl":{"start":{"line":466,"column":9},"end":{"line":466,"column":29}},"loc":{"start":{"line":466,"column":36},"end":{"line":468,"column":1}},"line":466},"4":{"name":"(anonymous_4)","decl":{"start":{"line":478,"column":2},"end":{"line":478,"column":3}},"loc":{"start":{"line":478,"column":21},"end":{"line":480,"column":3}},"line":478},"5":{"name":"(anonymous_5)","decl":{"start":{"line":483,"column":2},"end":{"line":483,"column":3}},"loc":{"start":{"line":483,"column":16},"end":{"line":485,"column":3}},"line":483}},"branchMap":{"0":{"loc":{"start":{"line":422,"column":31},"end":{"line":422,"column":88}},"type":"binary-expr","locations":[{"start":{"line":422,"column":31},"end":{"line":422,"column":72}},{"start":{"line":422,"column":76},"end":{"line":422,"column":88}}],"line":422},"1":{"loc":{"start":{"line":425,"column":2},"end":{"line":427,"column":3}},"type":"if","locations":[{"start":{"line":425,"column":2},"end":{"line":427,"column":3}},{"start":{},"end":{}}],"line":425},"2":{"loc":{"start":{"line":430,"column":2},"end":{"line":436,"column":3}},"type":"if","locations":[{"start":{"line":430,"column":2},"end":{"line":436,"column":3}},{"start":{},"end":{}}],"line":430},"3":{"loc":{"start":{"line":443,"column":4},"end":{"line":449,"column":5}},"type":"if","locations":[{"start":{"line":443,"column":4},"end":{"line":449,"column":5}},{"start":{},"end":{}}],"line":443},"4":{"loc":{"start":{"line":457,"column":9},"end":{"line":457,"column":50}},"type":"binary-expr","locations":[{"start":{"line":457,"column":9},"end":{"line":457,"column":42}},{"start":{"line":457,"column":46},"end":{"line":457,"column":50}}],"line":457},"5":{"loc":{"start":{"line":462,"column":9},"end":{"line":462,"column":56}},"type":"binary-expr","locations":[{"start":{"line":462,"column":9},"end":{"line":462,"column":48}},{"start":{"line":462,"column":52},"end":{"line":462,"column":56}}],"line":462},"6":{"loc":{"start":{"line":467,"column":9},"end":{"line":467,"column":50}},"type":"binary-expr","locations":[{"start":{"line":467,"column":9},"end":{"line":467,"column":42}},{"start":{"line":467,"column":46},"end":{"line":467,"column":50}}],"line":467}},"s":{"0":1,"1":0,"2":0,"3":0,"4":0,"5":0,"6":0,"7":0,"8":0,"9":0,"10":0,"11":0,"12":0,"13":0,"14":0,"15":0,"16":0},"f":{"0":0,"1":0,"2":0,"3":0,"4":0,"5":0},"b":{"0":[0,0],"1":[0,0],"2":[0,0],"3":[0,0],"4":[0,0],"5":[0,0],"6":[0,0]},"inputSourceMap":null,"_coverageSchema":"1a1c01bbd47fc00a2c39e90264f33305004495a9","hash":"46172df7478d720296e1b8b010bc81b92a877017"}
,"/Users/markburrows/CascadeProjects/bigbrain_website/bigbrain_recovered/server/supabaseClient.js": {"path":"/Users/markburrows/CascadeProjects/bigbrain_website/bigbrain_recovered/server/supabaseClient.js","statementMap":{"0":{"start":{"line":4,"column":0},"end":{"line":4,"column":16}},"1":{"start":{"line":6,"column":20},"end":{"line":6,"column":44}},"2":{"start":{"line":7,"column":20},"end":{"line":7,"column":85}},"3":{"start":{"line":9,"column":0},"end":{"line":11,"column":1}},"4":{"start":{"line":10,"column":2},"end":{"line":10,"column":83}},"5":{"start":{"line":13,"column":24},"end":{"line":13,"column":62}}},"fnMap":{},"branchMap":{"0":{"loc":{"start":{"line":7,"column":20},"end":{"line":7,"column":85}},"type":"binary-expr","locations":[{"start":{"line":7,"column":20},"end":{"line":7,"column":52}},{"start":{"line":7,"column":56},"end":{"line":7,"column":85}}],"line":7},"1":{"loc":{"start":{"line":9,"column":0},"end":{"line":11,"column":1}},"type":"if","locations":[{"start":{"line":9,"column":0},"end":{"line":11,"column":1}},{"start":{},"end":{}}],"line":9},"2":{"loc":{"start":{"line":9,"column":4},"end":{"line":9,"column":32}},"type":"binary-expr","locations":[{"start":{"line":9,"column":4},"end":{"line":9,"column":16}},{"start":{"line":9,"column":20},"end":{"line":9,"column":32}}],"line":9}},"s":{"0":1,"1":1,"2":1,"3":1,"4":0,"5":1},"f":{},"b":{"0":[1,0],"1":[0,1],"2":[1,1]},"inputSourceMap":null,"_coverageSchema":"1a1c01bbd47fc00a2c39e90264f33305004495a9","hash":"07f9cdc1e81219e2a998104f18b8e2a515ae371a"}
}
