TN:
SF:boilerKnowledgeService.js
FN:409,findFaultCode
FN:456,getSymptomHelp
FN:461,getSafetyWarning
FN:466,getMaintenanceAdvice
FN:478,(anonymous_4)
FN:483,(anonymous_5)
FNF:6
FNH:0
FNDA:0,findFaultCode
FNDA:0,getSymptomHelp
FNDA:0,getSafetyWarning
FNDA:0,getMaintenanceAdvice
FNDA:0,(anonymous_4)
FNDA:0,(anonymous_5)
DA:5,1
DA:411,0
DA:422,0
DA:425,0
DA:426,0
DA:430,0
DA:431,0
DA:439,0
DA:441,0
DA:443,0
DA:444,0
DA:452,0
DA:457,0
DA:462,0
DA:467,0
DA:479,0
DA:484,0
LF:17
LH:1
BRDA:422,0,0,0
BRDA:422,0,1,0
BRDA:425,1,0,0
BRDA:425,1,1,0
BRDA:430,2,0,0
BRDA:430,2,1,0
BRDA:443,3,0,0
BRDA:443,3,1,0
BRDA:457,4,0,0
BRDA:457,4,1,0
BRDA:462,5,0,0
BRDA:462,5,1,0
BRDA:467,6,0,0
BRDA:467,6,1,0
BRF:14
BRH:0
end_of_record
TN:
SF:supabaseClient.js
FNF:0
FNH:0
DA:4,1
DA:6,1
DA:7,1
DA:9,1
DA:10,0
DA:13,1
LF:6
LH:5
BRDA:7,0,0,1
BRDA:7,0,1,0
BRDA:9,1,0,0
BRDA:9,1,1,1
BRDA:9,2,0,1
BRDA:9,2,1,1
BRF:6
BRH:4
end_of_record
