{"/Users/markburrows/CascadeProjects/bigbrain_website/bigbrain_recovered/src/components/AdminDashboard.jsx": {"path":"/Users/markburrows/CascadeProjects/bigbrain_website/bigbrain_recovered/src/components/AdminDashboard.jsx","statementMap":{"0":{"start":{"line":15,"column":44},"end":{"line":15,"column":61}},"1":{"start":{"line":16,"column":36},"end":{"line":16,"column":50}},"2":{"start":{"line":17,"column":42},"end":{"line":17,"column":54}},"3":{"start":{"line":18,"column":32},"end":{"line":18,"column":47}},"4":{"start":{"line":21,"column":2},"end":{"line":98,"column":9}},"5":{"start":{"line":23,"column":6},"end":{"line":94,"column":7}},"6":{"start":{"line":24,"column":8},"end":{"line":24,"column":27}},"7":{"start":{"line":27,"column":29},"end":{"line":27,"column":34}},"8":{"start":{"line":28,"column":30},"end":{"line":28,"column":35}},"9":{"start":{"line":29,"column":8},"end":{"line":36,"column":9}},"10":{"start":{"line":30,"column":10},"end":{"line":33,"column":11}},"11":{"start":{"line":31,"column":12},"end":{"line":31,"column":95}},"12":{"start":{"line":32,"column":12},"end":{"line":32,"column":97}},"13":{"start":{"line":35,"column":10},"end":{"line":35,"column":81}},"14":{"start":{"line":39,"column":8},"end":{"line":53,"column":9}},"15":{"start":{"line":40,"column":10},"end":{"line":42,"column":11}},"16":{"start":{"line":41,"column":12},"end":{"line":41,"column":75}},"17":{"start":{"line":43,"column":10},"end":{"line":43,"column":27}},"18":{"start":{"line":44,"column":10},"end":{"line":44,"column":17}},"19":{"start":{"line":45,"column":15},"end":{"line":53,"column":9}},"20":{"start":{"line":48,"column":10},"end":{"line":50,"column":11}},"21":{"start":{"line":49,"column":12},"end":{"line":49,"column":74}},"22":{"start":{"line":51,"column":10},"end":{"line":51,"column":27}},"23":{"start":{"line":52,"column":10},"end":{"line":52,"column":17}},"24":{"start":{"line":56,"column":8},"end":{"line":88,"column":9}},"25":{"start":{"line":61,"column":14},"end":{"line":61,"column":43}},"26":{"start":{"line":63,"column":10},"end":{"line":63,"column":41}},"27":{"start":{"line":63,"column":25},"end":{"line":63,"column":41}},"28":{"start":{"line":65,"column":10},"end":{"line":83,"column":11}},"29":{"start":{"line":68,"column":36},"end":{"line":72,"column":23}},"30":{"start":{"line":74,"column":12},"end":{"line":79,"column":13}},"31":{"start":{"line":75,"column":14},"end":{"line":75,"column":31}},"32":{"start":{"line":78,"column":14},"end":{"line":78,"column":62}},"33":{"start":{"line":82,"column":12},"end":{"line":82,"column":30}},"34":{"start":{"line":86,"column":10},"end":{"line":86,"column":94}},"35":{"start":{"line":87,"column":10},"end":{"line":87,"column":28}},"36":{"start":{"line":90,"column":8},"end":{"line":90,"column":61}},"37":{"start":{"line":91,"column":8},"end":{"line":91,"column":62}},"38":{"start":{"line":93,"column":8},"end":{"line":93,"column":28}},"39":{"start":{"line":97,"column":4},"end":{"line":97,"column":23}},"40":{"start":{"line":101,"column":28},"end":{"line":101,"column":40}},"41":{"start":{"line":102,"column":48},"end":{"line":107,"column":4}},"42":{"start":{"line":108,"column":38},"end":{"line":108,"column":86}},"43":{"start":{"line":109,"column":40},"end":{"line":109,"column":52}},"44":{"start":{"line":110,"column":42},"end":{"line":110,"column":57}},"45":{"start":{"line":113,"column":36},"end":{"line":120,"column":4}},"46":{"start":{"line":121,"column":50},"end":{"line":121,"column":65}},"47":{"start":{"line":124,"column":25},"end":{"line":187,"column":3}},"48":{"start":{"line":125,"column":4},"end":{"line":186,"column":5}},"49":{"start":{"line":126,"column":6},"end":{"line":126,"column":28}},"50":{"start":{"line":127,"column":21},"end":{"line":133,"column":7}},"51":{"start":{"line":135,"column":6},"end":{"line":135,"column":29}},"52":{"start":{"line":136,"column":6},"end":{"line":136,"column":44}},"53":{"start":{"line":138,"column":6},"end":{"line":138,"column":51}},"54":{"start":{"line":139,"column":6},"end":{"line":139,"column":50}},"55":{"start":{"line":142,"column":6},"end":{"line":183,"column":9}},"56":{"start":{"line":185,"column":6},"end":{"line":185,"column":29}},"57":{"start":{"line":190,"column":29},"end":{"line":201,"column":3}},"58":{"start":{"line":191,"column":4},"end":{"line":200,"column":5}},"59":{"start":{"line":192,"column":6},"end":{"line":192,"column":32}},"60":{"start":{"line":193,"column":28},"end":{"line":193,"column":64}},"61":{"start":{"line":194,"column":6},"end":{"line":194,"column":34}},"62":{"start":{"line":196,"column":6},"end":{"line":196,"column":55}},"63":{"start":{"line":199,"column":6},"end":{"line":199,"column":33}},"64":{"start":{"line":204,"column":2},"end":{"line":209,"column":27}},"65":{"start":{"line":205,"column":4},"end":{"line":208,"column":5}},"66":{"start":{"line":206,"column":6},"end":{"line":206,"column":23}},"67":{"start":{"line":207,"column":6},"end":{"line":207,"column":27}},"68":{"start":{"line":212,"column":2},"end":{"line":220,"column":22}},"69":{"start":{"line":213,"column":4},"end":{"line":219,"column":5}},"70":{"start":{"line":214,"column":6},"end":{"line":218,"column":7}},"71":{"start":{"line":215,"column":8},"end":{"line":215,"column":25}},"72":{"start":{"line":216,"column":13},"end":{"line":218,"column":7}},"73":{"start":{"line":217,"column":8},"end":{"line":217,"column":29}},"74":{"start":{"line":223,"column":27},"end":{"line":225,"column":3}},"75":{"start":{"line":224,"column":4},"end":{"line":224,"column":28}},"76":{"start":{"line":228,"column":27},"end":{"line":232,"column":3}},"77":{"start":{"line":229,"column":21},"end":{"line":229,"column":94}},"78":{"start":{"line":230,"column":4},"end":{"line":230,"column":46}},"79":{"start":{"line":231,"column":4},"end":{"line":231,"column":41}},"80":{"start":{"line":235,"column":23},"end":{"line":239,"column":3}},"81":{"start":{"line":236,"column":4},"end":{"line":236,"column":35}},"82":{"start":{"line":238,"column":4},"end":{"line":238,"column":22}},"83":{"start":{"line":245,"column":29},"end":{"line":435,"column":3}},"84":{"start":{"line":246,"column":4},"end":{"line":434,"column":6}},"85":{"start":{"line":329,"column":18},"end":{"line":359,"column":23}},"86":{"start":{"line":375,"column":31},"end":{"line":375,"column":50}},"87":{"start":{"line":383,"column":31},"end":{"line":383,"column":73}},"88":{"start":{"line":394,"column":16},"end":{"line":402,"column":17}},"89":{"start":{"line":395,"column":18},"end":{"line":395,"column":34}},"90":{"start":{"line":396,"column":23},"end":{"line":402,"column":17}},"91":{"start":{"line":397,"column":18},"end":{"line":397,"column":34}},"92":{"start":{"line":398,"column":23},"end":{"line":402,"column":17}},"93":{"start":{"line":399,"column":18},"end":{"line":399,"column":63}},"94":{"start":{"line":401,"column":18},"end":{"line":401,"column":57}},"95":{"start":{"line":404,"column":16},"end":{"line":412,"column":18}},"96":{"start":{"line":407,"column":35},"end":{"line":407,"column":60}},"97":{"start":{"line":416,"column":31},"end":{"line":416,"column":73}},"98":{"start":{"line":424,"column":31},"end":{"line":424,"column":75}},"99":{"start":{"line":441,"column":33},"end":{"line":482,"column":3}},"100":{"start":{"line":442,"column":4},"end":{"line":481,"column":10}},"101":{"start":{"line":488,"column":32},"end":{"line":560,"column":3}},"102":{"start":{"line":489,"column":4},"end":{"line":559,"column":10}},"103":{"start":{"line":563,"column":23},"end":{"line":581,"column":3}},"104":{"start":{"line":564,"column":4},"end":{"line":580,"column":10}},"105":{"start":{"line":584,"column":2},"end":{"line":600,"column":3}},"106":{"start":{"line":585,"column":4},"end":{"line":599,"column":6}},"107":{"start":{"line":603,"column":2},"end":{"line":617,"column":3}},"108":{"start":{"line":604,"column":4},"end":{"line":616,"column":6}},"109":{"start":{"line":620,"column":2},"end":{"line":622,"column":3}},"110":{"start":{"line":621,"column":4},"end":{"line":621,"column":28}},"111":{"start":{"line":625,"column":2},"end":{"line":680,"column":4}},"112":{"start":{"line":638,"column":33},"end":{"line":638,"column":58}},"113":{"start":{"line":646,"column":33},"end":{"line":646,"column":62}},"114":{"start":{"line":654,"column":33},"end":{"line":654,"column":61}}},"fnMap":{"0":{"name":"AdminDashboard","decl":{"start":{"line":14,"column":16},"end":{"line":14,"column":30}},"loc":{"start":{"line":14,"column":33},"end":{"line":681,"column":1}},"line":14},"1":{"name":"(anonymous_1)","decl":{"start":{"line":21,"column":12},"end":{"line":21,"column":13}},"loc":{"start":{"line":21,"column":18},"end":{"line":98,"column":3}},"line":21},"2":{"name":"checkAdminStatus","decl":{"start":{"line":22,"column":19},"end":{"line":22,"column":35}},"loc":{"start":{"line":22,"column":38},"end":{"line":95,"column":5}},"line":22},"3":{"name":"(anonymous_3)","decl":{"start":{"line":124,"column":25},"end":{"line":124,"column":26}},"loc":{"start":{"line":124,"column":64},"end":{"line":187,"column":3}},"line":124},"4":{"name":"(anonymous_4)","decl":{"start":{"line":190,"column":29},"end":{"line":190,"column":30}},"loc":{"start":{"line":190,"column":41},"end":{"line":201,"column":3}},"line":190},"5":{"name":"(anonymous_5)","decl":{"start":{"line":204,"column":12},"end":{"line":204,"column":13}},"loc":{"start":{"line":204,"column":18},"end":{"line":209,"column":3}},"line":204},"6":{"name":"(anonymous_6)","decl":{"start":{"line":212,"column":12},"end":{"line":212,"column":13}},"loc":{"start":{"line":212,"column":18},"end":{"line":220,"column":3}},"line":212},"7":{"name":"(anonymous_7)","decl":{"start":{"line":223,"column":27},"end":{"line":223,"column":28}},"loc":{"start":{"line":223,"column":38},"end":{"line":225,"column":3}},"line":223},"8":{"name":"(anonymous_8)","decl":{"start":{"line":228,"column":27},"end":{"line":228,"column":28}},"loc":{"start":{"line":228,"column":36},"end":{"line":232,"column":3}},"line":228},"9":{"name":"(anonymous_9)","decl":{"start":{"line":235,"column":23},"end":{"line":235,"column":24}},"loc":{"start":{"line":235,"column":28},"end":{"line":239,"column":3}},"line":235},"10":{"name":"(anonymous_10)","decl":{"start":{"line":245,"column":29},"end":{"line":245,"column":30}},"loc":{"start":{"line":245,"column":35},"end":{"line":435,"column":3}},"line":245},"11":{"name":"(anonymous_11)","decl":{"start":{"line":328,"column":26},"end":{"line":328,"column":27}},"loc":{"start":{"line":329,"column":18},"end":{"line":359,"column":23}},"line":329},"12":{"name":"(anonymous_12)","decl":{"start":{"line":375,"column":25},"end":{"line":375,"column":26}},"loc":{"start":{"line":375,"column":31},"end":{"line":375,"column":50}},"line":375},"13":{"name":"(anonymous_13)","decl":{"start":{"line":383,"column":25},"end":{"line":383,"column":26}},"loc":{"start":{"line":383,"column":31},"end":{"line":383,"column":73}},"line":383},"14":{"name":"(anonymous_14)","decl":{"start":{"line":391,"column":79},"end":{"line":391,"column":80}},"loc":{"start":{"line":391,"column":89},"end":{"line":413,"column":15}},"line":391},"15":{"name":"(anonymous_15)","decl":{"start":{"line":407,"column":29},"end":{"line":407,"column":30}},"loc":{"start":{"line":407,"column":35},"end":{"line":407,"column":60}},"line":407},"16":{"name":"(anonymous_16)","decl":{"start":{"line":416,"column":25},"end":{"line":416,"column":26}},"loc":{"start":{"line":416,"column":31},"end":{"line":416,"column":73}},"line":416},"17":{"name":"(anonymous_17)","decl":{"start":{"line":424,"column":25},"end":{"line":424,"column":26}},"loc":{"start":{"line":424,"column":31},"end":{"line":424,"column":75}},"line":424},"18":{"name":"(anonymous_18)","decl":{"start":{"line":441,"column":33},"end":{"line":441,"column":34}},"loc":{"start":{"line":442,"column":4},"end":{"line":481,"column":10}},"line":442},"19":{"name":"(anonymous_19)","decl":{"start":{"line":488,"column":32},"end":{"line":488,"column":33}},"loc":{"start":{"line":489,"column":4},"end":{"line":559,"column":10}},"line":489},"20":{"name":"(anonymous_20)","decl":{"start":{"line":563,"column":23},"end":{"line":563,"column":24}},"loc":{"start":{"line":564,"column":4},"end":{"line":580,"column":10}},"line":564},"21":{"name":"(anonymous_21)","decl":{"start":{"line":638,"column":27},"end":{"line":638,"column":28}},"loc":{"start":{"line":638,"column":33},"end":{"line":638,"column":58}},"line":638},"22":{"name":"(anonymous_22)","decl":{"start":{"line":646,"column":27},"end":{"line":646,"column":28}},"loc":{"start":{"line":646,"column":33},"end":{"line":646,"column":62}},"line":646},"23":{"name":"(anonymous_23)","decl":{"start":{"line":654,"column":27},"end":{"line":654,"column":28}},"loc":{"start":{"line":654,"column":33},"end":{"line":654,"column":61}},"line":654}},"branchMap":{"0":{"loc":{"start":{"line":30,"column":10},"end":{"line":33,"column":11}},"type":"if","locations":[{"start":{"line":30,"column":10},"end":{"line":33,"column":11}},{"start":{},"end":{}}],"line":30},"1":{"loc":{"start":{"line":30,"column":14},"end":{"line":30,"column":66}},"type":"binary-expr","locations":[{"start":{"line":30,"column":14},"end":{"line":30,"column":43}},{"start":{"line":30,"column":47},"end":{"line":30,"column":66}}],"line":30},"2":{"loc":{"start":{"line":39,"column":8},"end":{"line":53,"column":9}},"type":"if","locations":[{"start":{"line":39,"column":8},"end":{"line":53,"column":9}},{"start":{"line":45,"column":15},"end":{"line":53,"column":9}}],"line":39},"3":{"loc":{"start":{"line":39,"column":12},"end":{"line":39,"column":45}},"type":"binary-expr","locations":[{"start":{"line":39,"column":12},"end":{"line":39,"column":26}},{"start":{"line":39,"column":30},"end":{"line":39,"column":45}}],"line":39},"4":{"loc":{"start":{"line":40,"column":10},"end":{"line":42,"column":11}},"type":"if","locations":[{"start":{"line":40,"column":10},"end":{"line":42,"column":11}},{"start":{},"end":{}}],"line":40},"5":{"loc":{"start":{"line":45,"column":15},"end":{"line":53,"column":9}},"type":"if","locations":[{"start":{"line":45,"column":15},"end":{"line":53,"column":9}},{"start":{},"end":{}}],"line":45},"6":{"loc":{"start":{"line":48,"column":10},"end":{"line":50,"column":11}},"type":"if","locations":[{"start":{"line":48,"column":10},"end":{"line":50,"column":11}},{"start":{},"end":{}}],"line":48},"7":{"loc":{"start":{"line":63,"column":10},"end":{"line":63,"column":41}},"type":"if","locations":[{"start":{"line":63,"column":10},"end":{"line":63,"column":41}},{"start":{},"end":{}}],"line":63},"8":{"loc":{"start":{"line":65,"column":10},"end":{"line":83,"column":11}},"type":"if","locations":[{"start":{"line":65,"column":10},"end":{"line":83,"column":11}},{"start":{"line":80,"column":17},"end":{"line":83,"column":11}}],"line":65},"9":{"loc":{"start":{"line":74,"column":12},"end":{"line":79,"column":13}},"type":"if","locations":[{"start":{"line":74,"column":12},"end":{"line":79,"column":13}},{"start":{"line":76,"column":19},"end":{"line":79,"column":13}}],"line":74},"10":{"loc":{"start":{"line":124,"column":32},"end":{"line":124,"column":59}},"type":"default-arg","locations":[{"start":{"line":124,"column":39},"end":{"line":124,"column":59}}],"line":124},"11":{"loc":{"start":{"line":205,"column":4},"end":{"line":208,"column":5}},"type":"if","locations":[{"start":{"line":205,"column":4},"end":{"line":208,"column":5}},{"start":{},"end":{}}],"line":205},"12":{"loc":{"start":{"line":205,"column":8},"end":{"line":205,"column":29}},"type":"binary-expr","locations":[{"start":{"line":205,"column":8},"end":{"line":205,"column":15}},{"start":{"line":205,"column":19},"end":{"line":205,"column":29}}],"line":205},"13":{"loc":{"start":{"line":213,"column":4},"end":{"line":219,"column":5}},"type":"if","locations":[{"start":{"line":213,"column":4},"end":{"line":219,"column":5}},{"start":{},"end":{}}],"line":213},"14":{"loc":{"start":{"line":213,"column":8},"end":{"line":213,"column":29}},"type":"binary-expr","locations":[{"start":{"line":213,"column":8},"end":{"line":213,"column":15}},{"start":{"line":213,"column":19},"end":{"line":213,"column":29}}],"line":213},"15":{"loc":{"start":{"line":214,"column":6},"end":{"line":218,"column":7}},"type":"if","locations":[{"start":{"line":214,"column":6},"end":{"line":218,"column":7}},{"start":{"line":216,"column":13},"end":{"line":218,"column":7}}],"line":214},"16":{"loc":{"start":{"line":216,"column":13},"end":{"line":218,"column":7}},"type":"if","locations":[{"start":{"line":216,"column":13},"end":{"line":218,"column":7}},{"start":{},"end":{}}],"line":216},"17":{"loc":{"start":{"line":229,"column":21},"end":{"line":229,"column":94}},"type":"cond-expr","locations":[{"start":{"line":229,"column":80},"end":{"line":229,"column":86}},{"start":{"line":229,"column":89},"end":{"line":229,"column":94}}],"line":229},"18":{"loc":{"start":{"line":229,"column":21},"end":{"line":229,"column":77}},"type":"binary-expr","locations":[{"start":{"line":229,"column":21},"end":{"line":229,"column":47}},{"start":{"line":229,"column":51},"end":{"line":229,"column":77}}],"line":229},"19":{"loc":{"start":{"line":264,"column":13},"end":{"line":264,"column":92}},"type":"cond-expr","locations":[{"start":{"line":264,"column":32},"end":{"line":264,"column":43}},{"start":{"line":264,"column":46},"end":{"line":264,"column":92}}],"line":264},"20":{"loc":{"start":{"line":312,"column":15},"end":{"line":361,"column":15}},"type":"cond-expr","locations":[{"start":{"line":313,"column":16},"end":{"line":320,"column":21}},{"start":{"line":321,"column":18},"end":{"line":361,"column":15}}],"line":312},"21":{"loc":{"start":{"line":321,"column":18},"end":{"line":361,"column":15}},"type":"cond-expr","locations":[{"start":{"line":322,"column":16},"end":{"line":326,"column":21}},{"start":{"line":328,"column":16},"end":{"line":360,"column":18}}],"line":321},"22":{"loc":{"start":{"line":331,"column":23},"end":{"line":331,"column":50}},"type":"binary-expr","locations":[{"start":{"line":331,"column":23},"end":{"line":331,"column":32}},{"start":{"line":331,"column":36},"end":{"line":331,"column":50}}],"line":331},"23":{"loc":{"start":{"line":338,"column":69},"end":{"line":338,"column":217}},"type":"cond-expr","locations":[{"start":{"line":338,"column":95},"end":{"line":338,"column":125}},{"start":{"line":338,"column":128},"end":{"line":338,"column":217}}],"line":338},"24":{"loc":{"start":{"line":338,"column":128},"end":{"line":338,"column":217}},"type":"cond-expr","locations":[{"start":{"line":338,"column":152},"end":{"line":338,"column":184}},{"start":{"line":338,"column":187},"end":{"line":338,"column":217}}],"line":338},"25":{"loc":{"start":{"line":340,"column":25},"end":{"line":340,"column":44}},"type":"binary-expr","locations":[{"start":{"line":340,"column":25},"end":{"line":340,"column":34}},{"start":{"line":340,"column":38},"end":{"line":340,"column":44}}],"line":340},"26":{"loc":{"start":{"line":345,"column":69},"end":{"line":345,"column":146}},"type":"cond-expr","locations":[{"start":{"line":345,"column":83},"end":{"line":345,"column":115}},{"start":{"line":345,"column":118},"end":{"line":345,"column":146}}],"line":345},"27":{"loc":{"start":{"line":347,"column":25},"end":{"line":347,"column":60}},"type":"cond-expr","locations":[{"start":{"line":347,"column":39},"end":{"line":347,"column":47}},{"start":{"line":347,"column":50},"end":{"line":347,"column":60}}],"line":347},"28":{"loc":{"start":{"line":356,"column":25},"end":{"line":356,"column":61}},"type":"cond-expr","locations":[{"start":{"line":356,"column":39},"end":{"line":356,"column":48}},{"start":{"line":356,"column":51},"end":{"line":356,"column":61}}],"line":356},"29":{"loc":{"start":{"line":367,"column":9},"end":{"line":432,"column":9}},"type":"binary-expr","locations":[{"start":{"line":367,"column":9},"end":{"line":367,"column":39}},{"start":{"line":368,"column":10},"end":{"line":431,"column":16}}],"line":367},"30":{"loc":{"start":{"line":377,"column":48},"end":{"line":377,"column":159}},"type":"cond-expr","locations":[{"start":{"line":377,"column":77},"end":{"line":377,"column":111}},{"start":{"line":377,"column":114},"end":{"line":377,"column":159}}],"line":377},"31":{"loc":{"start":{"line":385,"column":48},"end":{"line":385,"column":159}},"type":"cond-expr","locations":[{"start":{"line":385,"column":77},"end":{"line":385,"column":111}},{"start":{"line":385,"column":114},"end":{"line":385,"column":159}}],"line":385},"32":{"loc":{"start":{"line":394,"column":16},"end":{"line":402,"column":17}},"type":"if","locations":[{"start":{"line":394,"column":16},"end":{"line":402,"column":17}},{"start":{"line":396,"column":23},"end":{"line":402,"column":17}}],"line":394},"33":{"loc":{"start":{"line":396,"column":23},"end":{"line":402,"column":17}},"type":"if","locations":[{"start":{"line":396,"column":23},"end":{"line":402,"column":17}},{"start":{"line":398,"column":23},"end":{"line":402,"column":17}}],"line":396},"34":{"loc":{"start":{"line":398,"column":23},"end":{"line":402,"column":17}},"type":"if","locations":[{"start":{"line":398,"column":23},"end":{"line":402,"column":17}},{"start":{"line":400,"column":23},"end":{"line":402,"column":17}}],"line":398},"35":{"loc":{"start":{"line":408,"column":52},"end":{"line":408,"column":159}},"type":"cond-expr","locations":[{"start":{"line":408,"column":87},"end":{"line":408,"column":111}},{"start":{"line":408,"column":114},"end":{"line":408,"column":159}}],"line":408},"36":{"loc":{"start":{"line":418,"column":48},"end":{"line":418,"column":184}},"type":"cond-expr","locations":[{"start":{"line":418,"column":102},"end":{"line":418,"column":136}},{"start":{"line":418,"column":139},"end":{"line":418,"column":184}}],"line":418},"37":{"loc":{"start":{"line":426,"column":48},"end":{"line":426,"column":184}},"type":"cond-expr","locations":[{"start":{"line":426,"column":102},"end":{"line":426,"column":136}},{"start":{"line":426,"column":139},"end":{"line":426,"column":184}}],"line":426},"38":{"loc":{"start":{"line":584,"column":2},"end":{"line":600,"column":3}},"type":"if","locations":[{"start":{"line":584,"column":2},"end":{"line":600,"column":3}},{"start":{},"end":{}}],"line":584},"39":{"loc":{"start":{"line":603,"column":2},"end":{"line":617,"column":3}},"type":"if","locations":[{"start":{"line":603,"column":2},"end":{"line":617,"column":3}},{"start":{},"end":{}}],"line":603},"40":{"loc":{"start":{"line":620,"column":2},"end":{"line":622,"column":3}},"type":"if","locations":[{"start":{"line":620,"column":2},"end":{"line":622,"column":3}},{"start":{},"end":{}}],"line":620},"41":{"loc":{"start":{"line":639,"column":59},"end":{"line":639,"column":147}},"type":"cond-expr","locations":[{"start":{"line":639,"column":87},"end":{"line":639,"column":111}},{"start":{"line":639,"column":114},"end":{"line":639,"column":147}}],"line":639},"42":{"loc":{"start":{"line":647,"column":59},"end":{"line":647,"column":151}},"type":"cond-expr","locations":[{"start":{"line":647,"column":91},"end":{"line":647,"column":115}},{"start":{"line":647,"column":118},"end":{"line":647,"column":151}}],"line":647},"43":{"loc":{"start":{"line":655,"column":59},"end":{"line":655,"column":150}},"type":"cond-expr","locations":[{"start":{"line":655,"column":90},"end":{"line":655,"column":114}},{"start":{"line":655,"column":117},"end":{"line":655,"column":150}}],"line":655},"44":{"loc":{"start":{"line":672,"column":15},"end":{"line":672,"column":64}},"type":"binary-expr","locations":[{"start":{"line":672,"column":15},"end":{"line":672,"column":40}},{"start":{"line":672,"column":44},"end":{"line":672,"column":64}}],"line":672},"45":{"loc":{"start":{"line":673,"column":15},"end":{"line":673,"column":72}},"type":"binary-expr","locations":[{"start":{"line":673,"column":15},"end":{"line":673,"column":44}},{"start":{"line":673,"column":48},"end":{"line":673,"column":72}}],"line":673},"46":{"loc":{"start":{"line":674,"column":15},"end":{"line":674,"column":70}},"type":"binary-expr","locations":[{"start":{"line":674,"column":15},"end":{"line":674,"column":43}},{"start":{"line":674,"column":47},"end":{"line":674,"column":70}}],"line":674}},"s":{"0":10,"1":9,"2":9,"3":9,"4":9,"5":4,"6":4,"7":4,"8":4,"9":4,"10":4,"11":4,"12":4,"13":0,"14":4,"15":0,"16":0,"17":0,"18":0,"19":4,"20":0,"21":0,"22":0,"23":0,"24":4,"25":4,"26":4,"27":1,"28":3,"29":3,"30":3,"31":2,"32":1,"33":0,"34":1,"35":1,"36":0,"37":0,"38":4,"39":4,"40":9,"41":9,"42":9,"43":9,"44":9,"45":9,"46":9,"47":9,"48":1,"49":1,"50":1,"51":1,"52":1,"53":0,"54":0,"55":0,"56":1,"57":9,"58":1,"59":1,"60":1,"61":0,"62":1,"63":1,"64":9,"65":7,"66":1,"67":1,"68":9,"69":4,"70":0,"71":0,"72":0,"73":0,"74":9,"75":0,"76":9,"77":0,"78":0,"79":0,"80":9,"81":0,"82":0,"83":9,"84":3,"85":1,"86":0,"87":0,"88":0,"89":0,"90":0,"91":0,"92":0,"93":0,"94":0,"95":0,"96":0,"97":0,"98":0,"99":9,"100":0,"101":9,"102":0,"103":9,"104":2,"105":9,"106":4,"107":5,"108":0,"109":5,"110":2,"111":3,"112":0,"113":0,"114":0},"f":{"0":10,"1":4,"2":4,"3":1,"4":1,"5":7,"6":4,"7":0,"8":0,"9":0,"10":3,"11":1,"12":0,"13":0,"14":0,"15":0,"16":0,"17":0,"18":0,"19":0,"20":2,"21":0,"22":0,"23":0},"b":{"0":[4,0],"1":[4,4],"2":[0,4],"3":[4,0],"4":[0,0],"5":[0,4],"6":[0,0],"7":[1,3],"8":[3,0],"9":[2,1],"10":[1],"11":[1,6],"12":[7,1],"13":[0,4],"14":[4,0],"15":[0,0],"16":[0,0],"17":[0,0],"18":[0,0],"19":[0,3],"20":[1,2],"21":[1,1],"22":[1,1],"23":[0,1],"24":[0,1],"25":[1,1],"26":[0,1],"27":[0,1],"28":[0,1],"29":[3,0],"30":[0,0],"31":[0,0],"32":[0,0],"33":[0,0],"34":[0,0],"35":[0,0],"36":[0,0],"37":[0,0],"38":[4,5],"39":[0,5],"40":[2,3],"41":[3,0],"42":[0,3],"43":[0,3],"44":[3,3],"45":[3,0],"46":[3,0]},"_coverageSchema":"1a1c01bbd47fc00a2c39e90264f33305004495a9","hash":"86f9e6b3a2aa688bc5376716cd4834866a99d82f"}
,"/Users/markburrows/CascadeProjects/bigbrain_website/bigbrain_recovered/src/components/ChatDock.jsx": {"path":"/Users/markburrows/CascadeProjects/bigbrain_website/bigbrain_recovered/src/components/ChatDock.jsx","statementMap":{"0":{"start":{"line":11,"column":19},"end":{"line":11,"column":24}},"1":{"start":{"line":13,"column":30},"end":{"line":13,"column":45}},"2":{"start":{"line":16,"column":30},"end":{"line":88,"column":1}},"3":{"start":{"line":22,"column":2},"end":{"line":87,"column":4}},"4":{"start":{"line":24,"column":4},"end":{"line":27,"column":5}},"5":{"start":{"line":25,"column":6},"end":{"line":25,"column":85}},"6":{"start":{"line":26,"column":6},"end":{"line":26,"column":65}},"7":{"start":{"line":29,"column":4},"end":{"line":86,"column":5}},"8":{"start":{"line":31,"column":25},"end":{"line":31,"column":46}},"9":{"start":{"line":32,"column":24},"end":{"line":32,"column":73}},"10":{"start":{"line":32,"column":41},"end":{"line":32,"column":59}},"11":{"start":{"line":34,"column":18},"end":{"line":43,"column":8}},"12":{"start":{"line":45,"column":6},"end":{"line":45,"column":30}},"13":{"start":{"line":47,"column":6},"end":{"line":55,"column":7}},"14":{"start":{"line":48,"column":21},"end":{"line":48,"column":37}},"15":{"start":{"line":49,"column":8},"end":{"line":54,"column":9}},"16":{"start":{"line":51,"column":10},"end":{"line":51,"column":40}},"17":{"start":{"line":52,"column":10},"end":{"line":52,"column":32}},"18":{"start":{"line":53,"column":10},"end":{"line":53,"column":31}},"19":{"start":{"line":58,"column":30},"end":{"line":58,"column":49}},"20":{"start":{"line":59,"column":6},"end":{"line":59,"column":42}},"21":{"start":{"line":62,"column":6},"end":{"line":65,"column":7}},"22":{"start":{"line":63,"column":8},"end":{"line":63,"column":37}},"23":{"start":{"line":64,"column":8},"end":{"line":64,"column":100}},"24":{"start":{"line":67,"column":6},"end":{"line":69,"column":95}},"25":{"start":{"line":72,"column":30},"end":{"line":72,"column":49}},"26":{"start":{"line":73,"column":6},"end":{"line":73,"column":42}},"27":{"start":{"line":76,"column":6},"end":{"line":81,"column":7}},"28":{"start":{"line":77,"column":8},"end":{"line":77,"column":37}},"29":{"start":{"line":78,"column":8},"end":{"line":78,"column":95}},"30":{"start":{"line":80,"column":8},"end":{"line":80,"column":90}},"31":{"start":{"line":83,"column":6},"end":{"line":85,"column":84}},"32":{"start":{"line":92,"column":25},"end":{"line":92,"column":38}},"33":{"start":{"line":94,"column":24},"end":{"line":104,"column":1}},"34":{"start":{"line":95,"column":2},"end":{"line":103,"column":8}},"35":{"start":{"line":97,"column":6},"end":{"line":101,"column":8}},"36":{"start":{"line":107,"column":22},"end":{"line":128,"column":1}},"37":{"start":{"line":109,"column":22},"end":{"line":111,"column":214}},"38":{"start":{"line":113,"column":2},"end":{"line":127,"column":4}},"39":{"start":{"line":130,"column":17},"end":{"line":760,"column":1}},"40":{"start":{"line":132,"column":2},"end":{"line":135,"column":3}},"41":{"start":{"line":134,"column":4},"end":{"line":134,"column":86}},"42":{"start":{"line":137,"column":56},"end":{"line":137,"column":71}},"43":{"start":{"line":138,"column":48},"end":{"line":138,"column":59}},"44":{"start":{"line":139,"column":52},"end":{"line":139,"column":66}},"45":{"start":{"line":142,"column":50},"end":{"line":142,"column":65}},"46":{"start":{"line":143,"column":50},"end":{"line":143,"column":65}},"47":{"start":{"line":144,"column":48},"end":{"line":144,"column":60}},"48":{"start":{"line":145,"column":44},"end":{"line":145,"column":56}},"49":{"start":{"line":146,"column":25},"end":{"line":146,"column":37}},"50":{"start":{"line":149,"column":26},"end":{"line":149,"column":41}},"51":{"start":{"line":150,"column":28},"end":{"line":150,"column":40}},"52":{"start":{"line":151,"column":32},"end":{"line":158,"column":4}},"53":{"start":{"line":159,"column":32},"end":{"line":159,"column":47}},"54":{"start":{"line":161,"column":62},"end":{"line":161,"column":77}},"55":{"start":{"line":162,"column":21},"end":{"line":162,"column":33}},"56":{"start":{"line":163,"column":19},"end":{"line":163,"column":31}},"57":{"start":{"line":166,"column":26},"end":{"line":174,"column":3}},"58":{"start":{"line":177,"column":2},"end":{"line":197,"column":9}},"59":{"start":{"line":178,"column":4},"end":{"line":196,"column":5}},"60":{"start":{"line":179,"column":25},"end":{"line":187,"column":7}},"61":{"start":{"line":180,"column":23},"end":{"line":180,"column":57}},"62":{"start":{"line":181,"column":8},"end":{"line":181,"column":35}},"63":{"start":{"line":182,"column":8},"end":{"line":186,"column":9}},"64":{"start":{"line":183,"column":10},"end":{"line":185,"column":12}},"65":{"start":{"line":184,"column":29},"end":{"line":184,"column":52}},"66":{"start":{"line":189,"column":6},"end":{"line":189,"column":58}},"67":{"start":{"line":190,"column":6},"end":{"line":190,"column":19}},"68":{"start":{"line":193,"column":6},"end":{"line":195,"column":8}},"69":{"start":{"line":194,"column":8},"end":{"line":194,"column":54}},"70":{"start":{"line":200,"column":2},"end":{"line":209,"column":31}},"71":{"start":{"line":201,"column":4},"end":{"line":203,"column":5}},"72":{"start":{"line":202,"column":6},"end":{"line":202,"column":64}},"73":{"start":{"line":206,"column":4},"end":{"line":208,"column":5}},"74":{"start":{"line":207,"column":6},"end":{"line":207,"column":31}},"75":{"start":{"line":212,"column":27},"end":{"line":254,"column":37}},"76":{"start":{"line":213,"column":4},"end":{"line":216,"column":5}},"77":{"start":{"line":214,"column":6},"end":{"line":214,"column":72}},"78":{"start":{"line":215,"column":6},"end":{"line":215,"column":13}},"79":{"start":{"line":218,"column":30},"end":{"line":218,"column":88}},"80":{"start":{"line":221,"column":4},"end":{"line":232,"column":5}},"81":{"start":{"line":222,"column":6},"end":{"line":230,"column":7}},"82":{"start":{"line":223,"column":8},"end":{"line":223,"column":47}},"83":{"start":{"line":224,"column":8},"end":{"line":224,"column":46}},"84":{"start":{"line":225,"column":8},"end":{"line":225,"column":44}},"85":{"start":{"line":226,"column":8},"end":{"line":226,"column":39}},"86":{"start":{"line":229,"column":8},"end":{"line":229,"column":75}},"87":{"start":{"line":231,"column":6},"end":{"line":231,"column":36}},"88":{"start":{"line":235,"column":4},"end":{"line":235,"column":53}},"89":{"start":{"line":236,"column":4},"end":{"line":236,"column":54}},"90":{"start":{"line":237,"column":4},"end":{"line":237,"column":50}},"91":{"start":{"line":238,"column":4},"end":{"line":238,"column":47}},"92":{"start":{"line":239,"column":4},"end":{"line":243,"column":6}},"93":{"start":{"line":240,"column":25},"end":{"line":240,"column":55}},"94":{"start":{"line":241,"column":6},"end":{"line":241,"column":27}},"95":{"start":{"line":242,"column":6},"end":{"line":242,"column":33}},"96":{"start":{"line":244,"column":4},"end":{"line":247,"column":6}},"97":{"start":{"line":245,"column":6},"end":{"line":245,"column":60}},"98":{"start":{"line":246,"column":6},"end":{"line":246,"column":33}},"99":{"start":{"line":248,"column":4},"end":{"line":250,"column":6}},"100":{"start":{"line":249,"column":6},"end":{"line":249,"column":33}},"101":{"start":{"line":252,"column":4},"end":{"line":252,"column":30}},"102":{"start":{"line":253,"column":4},"end":{"line":253,"column":35}},"103":{"start":{"line":257,"column":16},"end":{"line":288,"column":3}},"104":{"start":{"line":259,"column":6},"end":{"line":259,"column":49}},"105":{"start":{"line":259,"column":42},"end":{"line":259,"column":49}},"106":{"start":{"line":262,"column":6},"end":{"line":262,"column":38}},"107":{"start":{"line":264,"column":20},"end":{"line":264,"column":61}},"108":{"start":{"line":265,"column":6},"end":{"line":265,"column":39}},"109":{"start":{"line":266,"column":6},"end":{"line":266,"column":39}},"110":{"start":{"line":269,"column":6},"end":{"line":272,"column":8}},"111":{"start":{"line":270,"column":8},"end":{"line":270,"column":50}},"112":{"start":{"line":274,"column":6},"end":{"line":276,"column":8}},"113":{"start":{"line":275,"column":8},"end":{"line":275,"column":56}},"114":{"start":{"line":278,"column":20},"end":{"line":278,"column":75}},"115":{"start":{"line":278,"column":46},"end":{"line":278,"column":74}},"116":{"start":{"line":279,"column":6},"end":{"line":279,"column":37}},"117":{"start":{"line":279,"column":17},"end":{"line":279,"column":37}},"118":{"start":{"line":281,"column":6},"end":{"line":281,"column":42}},"119":{"start":{"line":283,"column":6},"end":{"line":285,"column":8}},"120":{"start":{"line":284,"column":8},"end":{"line":284,"column":40}},"121":{"start":{"line":291,"column":21},"end":{"line":361,"column":3}},"122":{"start":{"line":292,"column":4},"end":{"line":292,"column":24}},"123":{"start":{"line":294,"column":4},"end":{"line":294,"column":30}},"124":{"start":{"line":294,"column":23},"end":{"line":294,"column":30}},"125":{"start":{"line":296,"column":20},"end":{"line":296,"column":51}},"126":{"start":{"line":297,"column":4},"end":{"line":297,"column":37}},"127":{"start":{"line":297,"column":20},"end":{"line":297,"column":35}},"128":{"start":{"line":298,"column":4},"end":{"line":298,"column":17}},"129":{"start":{"line":299,"column":4},"end":{"line":299,"column":21}},"130":{"start":{"line":302,"column":4},"end":{"line":302,"column":30}},"131":{"start":{"line":305,"column":29},"end":{"line":305,"column":65}},"132":{"start":{"line":306,"column":29},"end":{"line":306,"column":89}},"133":{"start":{"line":309,"column":4},"end":{"line":311,"column":5}},"134":{"start":{"line":310,"column":6},"end":{"line":310,"column":38}},"135":{"start":{"line":314,"column":16},"end":{"line":314,"column":60}},"136":{"start":{"line":317,"column":4},"end":{"line":325,"column":5}},"137":{"start":{"line":324,"column":6},"end":{"line":324,"column":94}},"138":{"start":{"line":328,"column":4},"end":{"line":330,"column":5}},"139":{"start":{"line":329,"column":6},"end":{"line":329,"column":70}},"140":{"start":{"line":332,"column":4},"end":{"line":353,"column":7}},"141":{"start":{"line":333,"column":25},"end":{"line":333,"column":62}},"142":{"start":{"line":336,"column":6},"end":{"line":345,"column":7}},"143":{"start":{"line":338,"column":8},"end":{"line":340,"column":9}},"144":{"start":{"line":339,"column":10},"end":{"line":339,"column":36}},"145":{"start":{"line":341,"column":8},"end":{"line":344,"column":9}},"146":{"start":{"line":342,"column":10},"end":{"line":342,"column":23}},"147":{"start":{"line":343,"column":10},"end":{"line":343,"column":47}},"148":{"start":{"line":348,"column":6},"end":{"line":350,"column":7}},"149":{"start":{"line":349,"column":8},"end":{"line":349,"column":73}},"150":{"start":{"line":349,"column":25},"end":{"line":349,"column":43}},"151":{"start":{"line":352,"column":6},"end":{"line":352,"column":24}},"152":{"start":{"line":355,"column":4},"end":{"line":355,"column":22}},"153":{"start":{"line":358,"column":4},"end":{"line":360,"column":31}},"154":{"start":{"line":359,"column":6},"end":{"line":359,"column":32}},"155":{"start":{"line":364,"column":27},"end":{"line":364,"column":37}},"156":{"start":{"line":367,"column":23},"end":{"line":370,"column":8}},"157":{"start":{"line":368,"column":4},"end":{"line":368,"column":72}},"158":{"start":{"line":369,"column":4},"end":{"line":369,"column":21}},"159":{"start":{"line":373,"column":2},"end":{"line":412,"column":9}},"160":{"start":{"line":374,"column":4},"end":{"line":411,"column":6}},"161":{"start":{"line":376,"column":6},"end":{"line":382,"column":7}},"162":{"start":{"line":377,"column":8},"end":{"line":381,"column":9}},"163":{"start":{"line":378,"column":10},"end":{"line":378,"column":42}},"164":{"start":{"line":380,"column":10},"end":{"line":380,"column":64}},"165":{"start":{"line":385,"column":6},"end":{"line":406,"column":7}},"166":{"start":{"line":386,"column":8},"end":{"line":405,"column":9}},"167":{"start":{"line":388,"column":10},"end":{"line":388,"column":49}},"168":{"start":{"line":389,"column":10},"end":{"line":389,"column":48}},"169":{"start":{"line":390,"column":10},"end":{"line":390,"column":46}},"170":{"start":{"line":391,"column":10},"end":{"line":391,"column":54}},"171":{"start":{"line":392,"column":10},"end":{"line":392,"column":52}},"172":{"start":{"line":393,"column":10},"end":{"line":393,"column":50}},"173":{"start":{"line":394,"column":10},"end":{"line":394,"column":53}},"174":{"start":{"line":395,"column":10},"end":{"line":395,"column":51}},"175":{"start":{"line":398,"column":10},"end":{"line":400,"column":11}},"176":{"start":{"line":399,"column":12},"end":{"line":399,"column":43}},"177":{"start":{"line":402,"column":10},"end":{"line":402,"column":68}},"178":{"start":{"line":404,"column":10},"end":{"line":404,"column":40}},"179":{"start":{"line":409,"column":6},"end":{"line":409,"column":77}},"180":{"start":{"line":409,"column":52},"end":{"line":409,"column":75}},"181":{"start":{"line":410,"column":6},"end":{"line":410,"column":36}},"182":{"start":{"line":415,"column":2},"end":{"line":432,"column":77}},"183":{"start":{"line":416,"column":20},"end":{"line":416,"column":24}},"184":{"start":{"line":418,"column":4},"end":{"line":424,"column":5}},"185":{"start":{"line":420,"column":6},"end":{"line":420,"column":60}},"186":{"start":{"line":420,"column":35},"end":{"line":420,"column":53}},"187":{"start":{"line":421,"column":11},"end":{"line":424,"column":5}},"188":{"start":{"line":423,"column":6},"end":{"line":423,"column":32}},"189":{"start":{"line":427,"column":4},"end":{"line":431,"column":6}},"190":{"start":{"line":428,"column":6},"end":{"line":430,"column":7}},"191":{"start":{"line":429,"column":8},"end":{"line":429,"column":32}},"192":{"start":{"line":435,"column":2},"end":{"line":439,"column":9}},"193":{"start":{"line":436,"column":4},"end":{"line":438,"column":5}},"194":{"start":{"line":437,"column":6},"end":{"line":437,"column":31}},"195":{"start":{"line":442,"column":2},"end":{"line":598,"column":3}},"196":{"start":{"line":443,"column":4},"end":{"line":597,"column":6}},"197":{"start":{"line":482,"column":30},"end":{"line":482,"column":81}},"198":{"start":{"line":483,"column":29},"end":{"line":483,"column":98}},"199":{"start":{"line":484,"column":29},"end":{"line":484,"column":50}},"200":{"start":{"line":486,"column":14},"end":{"line":504,"column":16}},"201":{"start":{"line":531,"column":33},"end":{"line":531,"column":50}},"202":{"start":{"line":532,"column":16},"end":{"line":532,"column":46}},"203":{"start":{"line":535,"column":16},"end":{"line":544,"column":17}},"204":{"start":{"line":536,"column":18},"end":{"line":536,"column":37}},"205":{"start":{"line":537,"column":23},"end":{"line":544,"column":17}},"206":{"start":{"line":539,"column":18},"end":{"line":543,"column":19}},"207":{"start":{"line":540,"column":20},"end":{"line":540,"column":51}},"208":{"start":{"line":542,"column":20},"end":{"line":542,"column":68}},"209":{"start":{"line":563,"column":31},"end":{"line":563,"column":63}},"210":{"start":{"line":567,"column":18},"end":{"line":570,"column":27}},"211":{"start":{"line":582,"column":29},"end":{"line":582,"column":53}},"212":{"start":{"line":603,"column":2},"end":{"line":759,"column":4}},"213":{"start":{"line":609,"column":25},"end":{"line":609,"column":39}},"214":{"start":{"line":664,"column":30},"end":{"line":664,"column":81}},"215":{"start":{"line":665,"column":29},"end":{"line":665,"column":98}},"216":{"start":{"line":666,"column":29},"end":{"line":666,"column":50}},"217":{"start":{"line":668,"column":14},"end":{"line":686,"column":16}},"218":{"start":{"line":711,"column":29},"end":{"line":711,"column":57}},"219":{"start":{"line":711,"column":54},"end":{"line":711,"column":56}},"220":{"start":{"line":723,"column":31},"end":{"line":723,"column":63}},"221":{"start":{"line":727,"column":18},"end":{"line":730,"column":27}},"222":{"start":{"line":742,"column":29},"end":{"line":742,"column":53}}},"fnMap":{"0":{"name":"(anonymous_0)","decl":{"start":{"line":16,"column":30},"end":{"line":16,"column":31}},"loc":{"start":{"line":21,"column":5},"end":{"line":88,"column":1}},"line":21},"1":{"name":"(anonymous_1)","decl":{"start":{"line":22,"column":9},"end":{"line":22,"column":10}},"loc":{"start":{"line":22,"column":26},"end":{"line":87,"column":3}},"line":22},"2":{"name":"(anonymous_2)","decl":{"start":{"line":32,"column":35},"end":{"line":32,"column":36}},"loc":{"start":{"line":32,"column":41},"end":{"line":32,"column":59}},"line":32},"3":{"name":"(anonymous_3)","decl":{"start":{"line":94,"column":24},"end":{"line":94,"column":25}},"loc":{"start":{"line":95,"column":2},"end":{"line":103,"column":8}},"line":95},"4":{"name":"(anonymous_4)","decl":{"start":{"line":96,"column":26},"end":{"line":96,"column":27}},"loc":{"start":{"line":97,"column":6},"end":{"line":101,"column":8}},"line":97},"5":{"name":"(anonymous_5)","decl":{"start":{"line":107,"column":22},"end":{"line":107,"column":23}},"loc":{"start":{"line":107,"column":64},"end":{"line":128,"column":1}},"line":107},"6":{"name":"(anonymous_6)","decl":{"start":{"line":130,"column":17},"end":{"line":130,"column":18}},"loc":{"start":{"line":130,"column":54},"end":{"line":760,"column":1}},"line":130},"7":{"name":"(anonymous_7)","decl":{"start":{"line":177,"column":12},"end":{"line":177,"column":13}},"loc":{"start":{"line":177,"column":18},"end":{"line":197,"column":3}},"line":177},"8":{"name":"(anonymous_8)","decl":{"start":{"line":179,"column":25},"end":{"line":179,"column":26}},"loc":{"start":{"line":179,"column":31},"end":{"line":187,"column":7}},"line":179},"9":{"name":"(anonymous_9)","decl":{"start":{"line":184,"column":24},"end":{"line":184,"column":25}},"loc":{"start":{"line":184,"column":29},"end":{"line":184,"column":52}},"line":184},"10":{"name":"(anonymous_10)","decl":{"start":{"line":193,"column":13},"end":{"line":193,"column":14}},"loc":{"start":{"line":193,"column":19},"end":{"line":195,"column":7}},"line":193},"11":{"name":"(anonymous_11)","decl":{"start":{"line":200,"column":12},"end":{"line":200,"column":13}},"loc":{"start":{"line":200,"column":18},"end":{"line":209,"column":3}},"line":200},"12":{"name":"(anonymous_12)","decl":{"start":{"line":212,"column":39},"end":{"line":212,"column":40}},"loc":{"start":{"line":212,"column":45},"end":{"line":254,"column":3}},"line":212},"13":{"name":"(anonymous_13)","decl":{"start":{"line":239,"column":38},"end":{"line":239,"column":39}},"loc":{"start":{"line":239,"column":47},"end":{"line":243,"column":5}},"line":239},"14":{"name":"(anonymous_14)","decl":{"start":{"line":244,"column":37},"end":{"line":244,"column":38}},"loc":{"start":{"line":244,"column":46},"end":{"line":247,"column":5}},"line":244},"15":{"name":"(anonymous_15)","decl":{"start":{"line":248,"column":35},"end":{"line":248,"column":36}},"loc":{"start":{"line":248,"column":41},"end":{"line":250,"column":5}},"line":248},"16":{"name":"(anonymous_16)","decl":{"start":{"line":258,"column":4},"end":{"line":258,"column":5}},"loc":{"start":{"line":258,"column":12},"end":{"line":286,"column":5}},"line":258},"17":{"name":"(anonymous_17)","decl":{"start":{"line":269,"column":20},"end":{"line":269,"column":21}},"loc":{"start":{"line":269,"column":26},"end":{"line":272,"column":7}},"line":269},"18":{"name":"(anonymous_18)","decl":{"start":{"line":274,"column":22},"end":{"line":274,"column":23}},"loc":{"start":{"line":274,"column":31},"end":{"line":276,"column":7}},"line":274},"19":{"name":"(anonymous_19)","decl":{"start":{"line":278,"column":41},"end":{"line":278,"column":42}},"loc":{"start":{"line":278,"column":46},"end":{"line":278,"column":74}},"line":278},"20":{"name":"(anonymous_20)","decl":{"start":{"line":283,"column":13},"end":{"line":283,"column":14}},"loc":{"start":{"line":283,"column":19},"end":{"line":285,"column":7}},"line":283},"21":{"name":"(anonymous_21)","decl":{"start":{"line":291,"column":21},"end":{"line":291,"column":22}},"loc":{"start":{"line":291,"column":32},"end":{"line":361,"column":3}},"line":291},"22":{"name":"(anonymous_22)","decl":{"start":{"line":297,"column":15},"end":{"line":297,"column":16}},"loc":{"start":{"line":297,"column":20},"end":{"line":297,"column":35}},"line":297},"23":{"name":"(anonymous_23)","decl":{"start":{"line":332,"column":15},"end":{"line":332,"column":16}},"loc":{"start":{"line":332,"column":20},"end":{"line":353,"column":5}},"line":332},"24":{"name":"(anonymous_24)","decl":{"start":{"line":349,"column":19},"end":{"line":349,"column":20}},"loc":{"start":{"line":349,"column":25},"end":{"line":349,"column":43}},"line":349},"25":{"name":"(anonymous_25)","decl":{"start":{"line":358,"column":15},"end":{"line":358,"column":16}},"loc":{"start":{"line":358,"column":21},"end":{"line":360,"column":5}},"line":358},"26":{"name":"(anonymous_26)","decl":{"start":{"line":367,"column":35},"end":{"line":367,"column":36}},"loc":{"start":{"line":367,"column":48},"end":{"line":370,"column":3}},"line":367},"27":{"name":"(anonymous_27)","decl":{"start":{"line":373,"column":12},"end":{"line":373,"column":13}},"loc":{"start":{"line":373,"column":18},"end":{"line":412,"column":3}},"line":373},"28":{"name":"(anonymous_28)","decl":{"start":{"line":374,"column":11},"end":{"line":374,"column":12}},"loc":{"start":{"line":374,"column":17},"end":{"line":411,"column":5}},"line":374},"29":{"name":"(anonymous_29)","decl":{"start":{"line":409,"column":39},"end":{"line":409,"column":40}},"loc":{"start":{"line":409,"column":52},"end":{"line":409,"column":75}},"line":409},"30":{"name":"(anonymous_30)","decl":{"start":{"line":415,"column":12},"end":{"line":415,"column":13}},"loc":{"start":{"line":415,"column":18},"end":{"line":432,"column":3}},"line":415},"31":{"name":"(anonymous_31)","decl":{"start":{"line":420,"column":29},"end":{"line":420,"column":30}},"loc":{"start":{"line":420,"column":35},"end":{"line":420,"column":53}},"line":420},"32":{"name":"(anonymous_32)","decl":{"start":{"line":427,"column":11},"end":{"line":427,"column":12}},"loc":{"start":{"line":427,"column":17},"end":{"line":431,"column":5}},"line":427},"33":{"name":"(anonymous_33)","decl":{"start":{"line":435,"column":12},"end":{"line":435,"column":13}},"loc":{"start":{"line":435,"column":18},"end":{"line":439,"column":3}},"line":435},"34":{"name":"(anonymous_34)","decl":{"start":{"line":480,"column":25},"end":{"line":480,"column":26}},"loc":{"start":{"line":480,"column":39},"end":{"line":505,"column":13}},"line":480},"35":{"name":"(anonymous_35)","decl":{"start":{"line":529,"column":23},"end":{"line":529,"column":24}},"loc":{"start":{"line":529,"column":29},"end":{"line":545,"column":15}},"line":529},"36":{"name":"(anonymous_36)","decl":{"start":{"line":563,"column":26},"end":{"line":563,"column":27}},"loc":{"start":{"line":563,"column":31},"end":{"line":563,"column":63}},"line":563},"37":{"name":"(anonymous_37)","decl":{"start":{"line":566,"column":37},"end":{"line":566,"column":38}},"loc":{"start":{"line":567,"column":18},"end":{"line":570,"column":27}},"line":567},"38":{"name":"(anonymous_38)","decl":{"start":{"line":582,"column":24},"end":{"line":582,"column":25}},"loc":{"start":{"line":582,"column":29},"end":{"line":582,"column":53}},"line":582},"39":{"name":"(anonymous_39)","decl":{"start":{"line":609,"column":19},"end":{"line":609,"column":20}},"loc":{"start":{"line":609,"column":25},"end":{"line":609,"column":39}},"line":609},"40":{"name":"(anonymous_40)","decl":{"start":{"line":662,"column":25},"end":{"line":662,"column":26}},"loc":{"start":{"line":662,"column":39},"end":{"line":687,"column":13}},"line":662},"41":{"name":"(anonymous_41)","decl":{"start":{"line":711,"column":23},"end":{"line":711,"column":24}},"loc":{"start":{"line":711,"column":29},"end":{"line":711,"column":57}},"line":711},"42":{"name":"(anonymous_42)","decl":{"start":{"line":711,"column":49},"end":{"line":711,"column":50}},"loc":{"start":{"line":711,"column":54},"end":{"line":711,"column":56}},"line":711},"43":{"name":"(anonymous_43)","decl":{"start":{"line":723,"column":26},"end":{"line":723,"column":27}},"loc":{"start":{"line":723,"column":31},"end":{"line":723,"column":63}},"line":723},"44":{"name":"(anonymous_44)","decl":{"start":{"line":726,"column":37},"end":{"line":726,"column":38}},"loc":{"start":{"line":727,"column":18},"end":{"line":730,"column":27}},"line":727},"45":{"name":"(anonymous_45)","decl":{"start":{"line":742,"column":24},"end":{"line":742,"column":25}},"loc":{"start":{"line":742,"column":29},"end":{"line":742,"column":53}},"line":742}},"branchMap":{"0":{"loc":{"start":{"line":24,"column":4},"end":{"line":27,"column":5}},"type":"if","locations":[{"start":{"line":24,"column":4},"end":{"line":27,"column":5}},{"start":{},"end":{}}],"line":24},"1":{"loc":{"start":{"line":47,"column":6},"end":{"line":55,"column":7}},"type":"if","locations":[{"start":{"line":47,"column":6},"end":{"line":55,"column":7}},{"start":{},"end":{}}],"line":47},"2":{"loc":{"start":{"line":49,"column":8},"end":{"line":54,"column":9}},"type":"if","locations":[{"start":{"line":49,"column":8},"end":{"line":54,"column":9}},{"start":{},"end":{}}],"line":49},"3":{"loc":{"start":{"line":62,"column":6},"end":{"line":65,"column":7}},"type":"if","locations":[{"start":{"line":62,"column":6},"end":{"line":65,"column":7}},{"start":{},"end":{}}],"line":62},"4":{"loc":{"start":{"line":67,"column":13},"end":{"line":69,"column":94}},"type":"cond-expr","locations":[{"start":{"line":68,"column":10},"end":{"line":68,"column":59}},{"start":{"line":69,"column":10},"end":{"line":69,"column":94}}],"line":67},"5":{"loc":{"start":{"line":76,"column":6},"end":{"line":81,"column":7}},"type":"if","locations":[{"start":{"line":76,"column":6},"end":{"line":81,"column":7}},{"start":{"line":79,"column":13},"end":{"line":81,"column":7}}],"line":76},"6":{"loc":{"start":{"line":83,"column":13},"end":{"line":85,"column":83}},"type":"cond-expr","locations":[{"start":{"line":84,"column":10},"end":{"line":84,"column":59}},{"start":{"line":85,"column":10},"end":{"line":85,"column":83}}],"line":83},"7":{"loc":{"start":{"line":109,"column":22},"end":{"line":111,"column":214}},"type":"cond-expr","locations":[{"start":{"line":110,"column":6},"end":{"line":110,"column":212}},{"start":{"line":111,"column":6},"end":{"line":111,"column":214}}],"line":109},"8":{"loc":{"start":{"line":110,"column":33},"end":{"line":110,"column":210}},"type":"cond-expr","locations":[{"start":{"line":110,"column":53},"end":{"line":110,"column":66}},{"start":{"line":110,"column":69},"end":{"line":110,"column":210}}],"line":110},"9":{"loc":{"start":{"line":110,"column":33},"end":{"line":110,"column":50}},"type":"binary-expr","locations":[{"start":{"line":110,"column":33},"end":{"line":110,"column":40}},{"start":{"line":110,"column":44},"end":{"line":110,"column":50}}],"line":110},"10":{"loc":{"start":{"line":110,"column":69},"end":{"line":110,"column":210}},"type":"cond-expr","locations":[{"start":{"line":110,"column":79},"end":{"line":110,"column":123}},{"start":{"line":110,"column":126},"end":{"line":110,"column":210}}],"line":110},"11":{"loc":{"start":{"line":110,"column":126},"end":{"line":110,"column":210}},"type":"cond-expr","locations":[{"start":{"line":110,"column":135},"end":{"line":110,"column":179}},{"start":{"line":110,"column":182},"end":{"line":110,"column":210}}],"line":110},"12":{"loc":{"start":{"line":111,"column":35},"end":{"line":111,"column":212}},"type":"cond-expr","locations":[{"start":{"line":111,"column":55},"end":{"line":111,"column":68}},{"start":{"line":111,"column":71},"end":{"line":111,"column":212}}],"line":111},"13":{"loc":{"start":{"line":111,"column":35},"end":{"line":111,"column":52}},"type":"binary-expr","locations":[{"start":{"line":111,"column":35},"end":{"line":111,"column":42}},{"start":{"line":111,"column":46},"end":{"line":111,"column":52}}],"line":111},"14":{"loc":{"start":{"line":111,"column":71},"end":{"line":111,"column":212}},"type":"cond-expr","locations":[{"start":{"line":111,"column":81},"end":{"line":111,"column":125}},{"start":{"line":111,"column":128},"end":{"line":111,"column":212}}],"line":111},"15":{"loc":{"start":{"line":111,"column":128},"end":{"line":111,"column":212}},"type":"cond-expr","locations":[{"start":{"line":111,"column":137},"end":{"line":111,"column":181}},{"start":{"line":111,"column":184},"end":{"line":111,"column":212}}],"line":111},"16":{"loc":{"start":{"line":130,"column":20},"end":{"line":130,"column":37}},"type":"default-arg","locations":[{"start":{"line":130,"column":32},"end":{"line":130,"column":37}}],"line":130},"17":{"loc":{"start":{"line":132,"column":2},"end":{"line":135,"column":3}},"type":"if","locations":[{"start":{"line":132,"column":2},"end":{"line":135,"column":3}},{"start":{},"end":{}}],"line":132},"18":{"loc":{"start":{"line":134,"column":49},"end":{"line":134,"column":84}},"type":"cond-expr","locations":[{"start":{"line":134,"column":61},"end":{"line":134,"column":71}},{"start":{"line":134,"column":74},"end":{"line":134,"column":84}}],"line":134},"19":{"loc":{"start":{"line":154,"column":12},"end":{"line":156,"column":121}},"type":"cond-expr","locations":[{"start":{"line":155,"column":10},"end":{"line":155,"column":127}},{"start":{"line":156,"column":10},"end":{"line":156,"column":121}}],"line":154},"20":{"loc":{"start":{"line":178,"column":4},"end":{"line":196,"column":5}},"type":"if","locations":[{"start":{"line":178,"column":4},"end":{"line":196,"column":5}},{"start":{},"end":{}}],"line":178},"21":{"loc":{"start":{"line":182,"column":8},"end":{"line":186,"column":9}},"type":"if","locations":[{"start":{"line":182,"column":8},"end":{"line":186,"column":9}},{"start":{},"end":{}}],"line":182},"22":{"loc":{"start":{"line":182,"column":12},"end":{"line":182,"column":43}},"type":"binary-expr","locations":[{"start":{"line":182,"column":12},"end":{"line":182,"column":25}},{"start":{"line":182,"column":29},"end":{"line":182,"column":43}}],"line":182},"23":{"loc":{"start":{"line":184,"column":12},"end":{"line":184,"column":85}},"type":"binary-expr","locations":[{"start":{"line":184,"column":12},"end":{"line":184,"column":63}},{"start":{"line":184,"column":67},"end":{"line":184,"column":85}}],"line":184},"24":{"loc":{"start":{"line":201,"column":4},"end":{"line":203,"column":5}},"type":"if","locations":[{"start":{"line":201,"column":4},"end":{"line":203,"column":5}},{"start":{},"end":{}}],"line":201},"25":{"loc":{"start":{"line":201,"column":8},"end":{"line":201,"column":85}},"type":"binary-expr","locations":[{"start":{"line":201,"column":8},"end":{"line":201,"column":26}},{"start":{"line":201,"column":30},"end":{"line":201,"column":85}}],"line":201},"26":{"loc":{"start":{"line":206,"column":4},"end":{"line":208,"column":5}},"type":"if","locations":[{"start":{"line":206,"column":4},"end":{"line":208,"column":5}},{"start":{},"end":{}}],"line":206},"27":{"loc":{"start":{"line":206,"column":8},"end":{"line":206,"column":84}},"type":"binary-expr","locations":[{"start":{"line":206,"column":8},"end":{"line":206,"column":24}},{"start":{"line":206,"column":28},"end":{"line":206,"column":72}},{"start":{"line":206,"column":76},"end":{"line":206,"column":84}}],"line":206},"28":{"loc":{"start":{"line":213,"column":4},"end":{"line":216,"column":5}},"type":"if","locations":[{"start":{"line":213,"column":4},"end":{"line":216,"column":5}},{"start":{},"end":{}}],"line":213},"29":{"loc":{"start":{"line":213,"column":10},"end":{"line":213,"column":78}},"type":"binary-expr","locations":[{"start":{"line":213,"column":10},"end":{"line":213,"column":45}},{"start":{"line":213,"column":49},"end":{"line":213,"column":78}}],"line":213},"30":{"loc":{"start":{"line":218,"column":30},"end":{"line":218,"column":88}},"type":"binary-expr","locations":[{"start":{"line":218,"column":30},"end":{"line":218,"column":54}},{"start":{"line":218,"column":58},"end":{"line":218,"column":88}}],"line":218},"31":{"loc":{"start":{"line":221,"column":4},"end":{"line":232,"column":5}},"type":"if","locations":[{"start":{"line":221,"column":4},"end":{"line":232,"column":5}},{"start":{},"end":{}}],"line":221},"32":{"loc":{"start":{"line":259,"column":6},"end":{"line":259,"column":49}},"type":"if","locations":[{"start":{"line":259,"column":6},"end":{"line":259,"column":49}},{"start":{},"end":{}}],"line":259},"33":{"loc":{"start":{"line":279,"column":6},"end":{"line":279,"column":37}},"type":"if","locations":[{"start":{"line":279,"column":6},"end":{"line":279,"column":37}},{"start":{},"end":{}}],"line":279},"34":{"loc":{"start":{"line":294,"column":4},"end":{"line":294,"column":30}},"type":"if","locations":[{"start":{"line":294,"column":4},"end":{"line":294,"column":30}},{"start":{},"end":{}}],"line":294},"35":{"loc":{"start":{"line":309,"column":4},"end":{"line":311,"column":5}},"type":"if","locations":[{"start":{"line":309,"column":4},"end":{"line":311,"column":5}},{"start":{},"end":{}}],"line":309},"36":{"loc":{"start":{"line":317,"column":4},"end":{"line":325,"column":5}},"type":"if","locations":[{"start":{"line":317,"column":4},"end":{"line":325,"column":5}},{"start":{},"end":{}}],"line":317},"37":{"loc":{"start":{"line":318,"column":6},"end":{"line":321,"column":42}},"type":"binary-expr","locations":[{"start":{"line":318,"column":6},"end":{"line":318,"column":25}},{"start":{"line":319,"column":6},"end":{"line":319,"column":27}},{"start":{"line":320,"column":6},"end":{"line":320,"column":31}},{"start":{"line":321,"column":6},"end":{"line":321,"column":42}}],"line":318},"38":{"loc":{"start":{"line":328,"column":4},"end":{"line":330,"column":5}},"type":"if","locations":[{"start":{"line":328,"column":4},"end":{"line":330,"column":5}},{"start":{},"end":{}}],"line":328},"39":{"loc":{"start":{"line":328,"column":8},"end":{"line":328,"column":72}},"type":"binary-expr","locations":[{"start":{"line":328,"column":8},"end":{"line":328,"column":24}},{"start":{"line":328,"column":28},"end":{"line":328,"column":50}},{"start":{"line":328,"column":54},"end":{"line":328,"column":72}}],"line":328},"40":{"loc":{"start":{"line":336,"column":6},"end":{"line":345,"column":7}},"type":"if","locations":[{"start":{"line":336,"column":6},"end":{"line":345,"column":7}},{"start":{},"end":{}}],"line":336},"41":{"loc":{"start":{"line":336,"column":10},"end":{"line":336,"column":90}},"type":"binary-expr","locations":[{"start":{"line":336,"column":10},"end":{"line":336,"column":26}},{"start":{"line":336,"column":30},"end":{"line":336,"column":59}},{"start":{"line":336,"column":63},"end":{"line":336,"column":90}}],"line":336},"42":{"loc":{"start":{"line":338,"column":8},"end":{"line":340,"column":9}},"type":"if","locations":[{"start":{"line":338,"column":8},"end":{"line":340,"column":9}},{"start":{},"end":{}}],"line":338},"43":{"loc":{"start":{"line":341,"column":8},"end":{"line":344,"column":9}},"type":"if","locations":[{"start":{"line":341,"column":8},"end":{"line":344,"column":9}},{"start":{},"end":{}}],"line":341},"44":{"loc":{"start":{"line":348,"column":6},"end":{"line":350,"column":7}},"type":"if","locations":[{"start":{"line":348,"column":6},"end":{"line":350,"column":7}},{"start":{},"end":{}}],"line":348},"45":{"loc":{"start":{"line":376,"column":6},"end":{"line":382,"column":7}},"type":"if","locations":[{"start":{"line":376,"column":6},"end":{"line":382,"column":7}},{"start":{},"end":{}}],"line":376},"46":{"loc":{"start":{"line":385,"column":6},"end":{"line":406,"column":7}},"type":"if","locations":[{"start":{"line":385,"column":6},"end":{"line":406,"column":7}},{"start":{},"end":{}}],"line":385},"47":{"loc":{"start":{"line":398,"column":10},"end":{"line":400,"column":11}},"type":"if","locations":[{"start":{"line":398,"column":10},"end":{"line":400,"column":11}},{"start":{},"end":{}}],"line":398},"48":{"loc":{"start":{"line":418,"column":4},"end":{"line":424,"column":5}},"type":"if","locations":[{"start":{"line":418,"column":4},"end":{"line":424,"column":5}},{"start":{"line":421,"column":11},"end":{"line":424,"column":5}}],"line":418},"49":{"loc":{"start":{"line":418,"column":8},"end":{"line":418,"column":73}},"type":"binary-expr","locations":[{"start":{"line":418,"column":8},"end":{"line":418,"column":24}},{"start":{"line":418,"column":28},"end":{"line":418,"column":36}},{"start":{"line":418,"column":40},"end":{"line":418,"column":57}},{"start":{"line":418,"column":61},"end":{"line":418,"column":73}}],"line":418},"50":{"loc":{"start":{"line":421,"column":11},"end":{"line":424,"column":5}},"type":"if","locations":[{"start":{"line":421,"column":11},"end":{"line":424,"column":5}},{"start":{},"end":{}}],"line":421},"51":{"loc":{"start":{"line":421,"column":15},"end":{"line":421,"column":44}},"type":"binary-expr","locations":[{"start":{"line":421,"column":15},"end":{"line":421,"column":32}},{"start":{"line":421,"column":36},"end":{"line":421,"column":44}}],"line":421},"52":{"loc":{"start":{"line":428,"column":6},"end":{"line":430,"column":7}},"type":"if","locations":[{"start":{"line":428,"column":6},"end":{"line":430,"column":7}},{"start":{},"end":{}}],"line":428},"53":{"loc":{"start":{"line":436,"column":4},"end":{"line":438,"column":5}},"type":"if","locations":[{"start":{"line":436,"column":4},"end":{"line":438,"column":5}},{"start":{},"end":{}}],"line":436},"54":{"loc":{"start":{"line":442,"column":2},"end":{"line":598,"column":3}},"type":"if","locations":[{"start":{"line":442,"column":2},"end":{"line":598,"column":3}},{"start":{},"end":{}}],"line":442},"55":{"loc":{"start":{"line":482,"column":30},"end":{"line":482,"column":81}},"type":"binary-expr","locations":[{"start":{"line":482,"column":30},"end":{"line":482,"column":39}},{"start":{"line":482,"column":43},"end":{"line":482,"column":81}}],"line":482},"56":{"loc":{"start":{"line":483,"column":29},"end":{"line":483,"column":98}},"type":"binary-expr","locations":[{"start":{"line":483,"column":29},"end":{"line":483,"column":55}},{"start":{"line":483,"column":59},"end":{"line":483,"column":98}}],"line":483},"57":{"loc":{"start":{"line":489,"column":37},"end":{"line":489,"column":77}},"type":"cond-expr","locations":[{"start":{"line":489,"column":46},"end":{"line":489,"column":59}},{"start":{"line":489,"column":62},"end":{"line":489,"column":77}}],"line":489},"58":{"loc":{"start":{"line":492,"column":19},"end":{"line":496,"column":19}},"type":"binary-expr","locations":[{"start":{"line":492,"column":19},"end":{"line":492,"column":26}},{"start":{"line":492,"column":30},"end":{"line":492,"column":37}},{"start":{"line":493,"column":20},"end":{"line":495,"column":26}}],"line":492},"59":{"loc":{"start":{"line":499,"column":19},"end":{"line":499,"column":83}},"type":"binary-expr","locations":[{"start":{"line":499,"column":19},"end":{"line":499,"column":26}},{"start":{"line":499,"column":30},"end":{"line":499,"column":38}},{"start":{"line":499,"column":42},"end":{"line":499,"column":83}}],"line":499},"60":{"loc":{"start":{"line":508,"column":13},"end":{"line":515,"column":13}},"type":"binary-expr","locations":[{"start":{"line":508,"column":13},"end":{"line":508,"column":20}},{"start":{"line":509,"column":14},"end":{"line":514,"column":20}}],"line":508},"61":{"loc":{"start":{"line":535,"column":16},"end":{"line":544,"column":17}},"type":"if","locations":[{"start":{"line":535,"column":16},"end":{"line":544,"column":17}},{"start":{"line":537,"column":23},"end":{"line":544,"column":17}}],"line":535},"62":{"loc":{"start":{"line":535,"column":20},"end":{"line":535,"column":49}},"type":"binary-expr","locations":[{"start":{"line":535,"column":20},"end":{"line":535,"column":28}},{"start":{"line":535,"column":32},"end":{"line":535,"column":49}}],"line":535},"63":{"loc":{"start":{"line":537,"column":23},"end":{"line":544,"column":17}},"type":"if","locations":[{"start":{"line":537,"column":23},"end":{"line":544,"column":17}},{"start":{},"end":{}}],"line":537},"64":{"loc":{"start":{"line":537,"column":27},"end":{"line":537,"column":62}},"type":"binary-expr","locations":[{"start":{"line":537,"column":27},"end":{"line":537,"column":36}},{"start":{"line":537,"column":40},"end":{"line":537,"column":62}}],"line":537},"65":{"loc":{"start":{"line":546,"column":102},"end":{"line":546,"column":212}},"type":"cond-expr","locations":[{"start":{"line":546,"column":121},"end":{"line":546,"column":145}},{"start":{"line":546,"column":148},"end":{"line":546,"column":212}}],"line":546},"66":{"loc":{"start":{"line":548,"column":16},"end":{"line":552,"column":38}},"type":"cond-expr","locations":[{"start":{"line":549,"column":20},"end":{"line":549,"column":34}},{"start":{"line":550,"column":20},"end":{"line":552,"column":38}}],"line":548},"67":{"loc":{"start":{"line":550,"column":20},"end":{"line":552,"column":38}},"type":"cond-expr","locations":[{"start":{"line":551,"column":22},"end":{"line":551,"column":37}},{"start":{"line":552,"column":22},"end":{"line":552,"column":38}}],"line":550},"68":{"loc":{"start":{"line":555,"column":50},"end":{"line":555,"column":89}},"type":"cond-expr","locations":[{"start":{"line":555,"column":69},"end":{"line":555,"column":84}},{"start":{"line":555,"column":87},"end":{"line":555,"column":89}}],"line":555},"69":{"loc":{"start":{"line":559,"column":13},"end":{"line":573,"column":13}},"type":"binary-expr","locations":[{"start":{"line":559,"column":13},"end":{"line":559,"column":29}},{"start":{"line":560,"column":14},"end":{"line":572,"column":23}}],"line":559},"70":{"loc":{"start":{"line":569,"column":21},"end":{"line":569,"column":52}},"type":"cond-expr","locations":[{"start":{"line":569,"column":42},"end":{"line":569,"column":47}},{"start":{"line":569,"column":50},"end":{"line":569,"column":52}}],"line":569},"71":{"loc":{"start":{"line":590,"column":24},"end":{"line":590,"column":48}},"type":"binary-expr","locations":[{"start":{"line":590,"column":24},"end":{"line":590,"column":31}},{"start":{"line":590,"column":35},"end":{"line":590,"column":48}}],"line":590},"72":{"loc":{"start":{"line":606,"column":7},"end":{"line":615,"column":7}},"type":"binary-expr","locations":[{"start":{"line":606,"column":7},"end":{"line":606,"column":17}},{"start":{"line":607,"column":8},"end":{"line":614,"column":17}}],"line":606},"73":{"loc":{"start":{"line":610,"column":22},"end":{"line":610,"column":55}},"type":"cond-expr","locations":[{"start":{"line":610,"column":29},"end":{"line":610,"column":41}},{"start":{"line":610,"column":44},"end":{"line":610,"column":55}}],"line":610},"74":{"loc":{"start":{"line":613,"column":17},"end":{"line":613,"column":34}},"type":"cond-expr","locations":[{"start":{"line":613,"column":24},"end":{"line":613,"column":27}},{"start":{"line":613,"column":30},"end":{"line":613,"column":34}}],"line":613},"75":{"loc":{"start":{"line":618,"column":7},"end":{"line":757,"column":7}},"type":"binary-expr","locations":[{"start":{"line":618,"column":8},"end":{"line":618,"column":12}},{"start":{"line":618,"column":16},"end":{"line":618,"column":25}},{"start":{"line":619,"column":8},"end":{"line":756,"column":14}}],"line":618},"76":{"loc":{"start":{"line":623,"column":14},"end":{"line":623,"column":103}},"type":"cond-expr","locations":[{"start":{"line":623,"column":26},"end":{"line":623,"column":35}},{"start":{"line":623,"column":38},"end":{"line":623,"column":103}}],"line":623},"77":{"loc":{"start":{"line":630,"column":14},"end":{"line":630,"column":56}},"type":"cond-expr","locations":[{"start":{"line":630,"column":26},"end":{"line":630,"column":28}},{"start":{"line":630,"column":31},"end":{"line":630,"column":56}}],"line":630},"78":{"loc":{"start":{"line":664,"column":30},"end":{"line":664,"column":81}},"type":"binary-expr","locations":[{"start":{"line":664,"column":30},"end":{"line":664,"column":39}},{"start":{"line":664,"column":43},"end":{"line":664,"column":81}}],"line":664},"79":{"loc":{"start":{"line":665,"column":29},"end":{"line":665,"column":98}},"type":"binary-expr","locations":[{"start":{"line":665,"column":29},"end":{"line":665,"column":55}},{"start":{"line":665,"column":59},"end":{"line":665,"column":98}}],"line":665},"80":{"loc":{"start":{"line":671,"column":37},"end":{"line":671,"column":77}},"type":"cond-expr","locations":[{"start":{"line":671,"column":46},"end":{"line":671,"column":59}},{"start":{"line":671,"column":62},"end":{"line":671,"column":77}}],"line":671},"81":{"loc":{"start":{"line":674,"column":19},"end":{"line":678,"column":19}},"type":"binary-expr","locations":[{"start":{"line":674,"column":19},"end":{"line":674,"column":26}},{"start":{"line":674,"column":30},"end":{"line":674,"column":37}},{"start":{"line":675,"column":20},"end":{"line":677,"column":26}}],"line":674},"82":{"loc":{"start":{"line":681,"column":19},"end":{"line":681,"column":83}},"type":"binary-expr","locations":[{"start":{"line":681,"column":19},"end":{"line":681,"column":26}},{"start":{"line":681,"column":30},"end":{"line":681,"column":38}},{"start":{"line":681,"column":42},"end":{"line":681,"column":83}}],"line":681},"83":{"loc":{"start":{"line":690,"column":13},"end":{"line":697,"column":13}},"type":"binary-expr","locations":[{"start":{"line":690,"column":13},"end":{"line":690,"column":20}},{"start":{"line":691,"column":14},"end":{"line":696,"column":20}}],"line":690},"84":{"loc":{"start":{"line":712,"column":102},"end":{"line":712,"column":212}},"type":"cond-expr","locations":[{"start":{"line":712,"column":121},"end":{"line":712,"column":145}},{"start":{"line":712,"column":148},"end":{"line":712,"column":212}}],"line":712},"85":{"loc":{"start":{"line":713,"column":26},"end":{"line":713,"column":79}},"type":"cond-expr","locations":[{"start":{"line":713,"column":45},"end":{"line":713,"column":60}},{"start":{"line":713,"column":63},"end":{"line":713,"column":79}}],"line":713},"86":{"loc":{"start":{"line":719,"column":13},"end":{"line":733,"column":13}},"type":"binary-expr","locations":[{"start":{"line":719,"column":13},"end":{"line":719,"column":29}},{"start":{"line":720,"column":14},"end":{"line":732,"column":23}}],"line":719},"87":{"loc":{"start":{"line":729,"column":21},"end":{"line":729,"column":52}},"type":"cond-expr","locations":[{"start":{"line":729,"column":42},"end":{"line":729,"column":47}},{"start":{"line":729,"column":50},"end":{"line":729,"column":52}}],"line":729},"88":{"loc":{"start":{"line":749,"column":84},"end":{"line":749,"column":190}},"type":"cond-expr","locations":[{"start":{"line":749,"column":99},"end":{"line":749,"column":123}},{"start":{"line":749,"column":126},"end":{"line":749,"column":190}}],"line":749},"89":{"loc":{"start":{"line":750,"column":24},"end":{"line":750,"column":48}},"type":"binary-expr","locations":[{"start":{"line":750,"column":24},"end":{"line":750,"column":31}},{"start":{"line":750,"column":35},"end":{"line":750,"column":48}}],"line":750}},"s":{"0":1,"1":1,"2":1,"3":10,"4":0,"5":0,"6":0,"7":0,"8":0,"9":0,"10":0,"11":0,"12":0,"13":0,"14":0,"15":0,"16":0,"17":0,"18":0,"19":0,"20":0,"21":0,"22":0,"23":0,"24":0,"25":0,"26":0,"27":0,"28":0,"29":0,"30":0,"31":0,"32":1,"33":1,"34":0,"35":0,"36":1,"37":4,"38":4,"39":1,"40":10,"41":0,"42":10,"43":10,"44":10,"45":10,"46":10,"47":10,"48":10,"49":10,"50":10,"51":10,"52":10,"53":10,"54":10,"55":10,"56":10,"57":10,"58":10,"59":4,"60":4,"61":4,"62":4,"63":4,"64":0,"65":0,"66":4,"67":4,"68":4,"69":4,"70":10,"71":6,"72":0,"73":6,"74":3,"75":10,"76":0,"77":0,"78":0,"79":0,"80":0,"81":0,"82":0,"83":0,"84":0,"85":0,"86":0,"87":0,"88":0,"89":0,"90":0,"91":0,"92":0,"93":0,"94":0,"95":0,"96":0,"97":0,"98":0,"99":0,"100":0,"101":0,"102":0,"103":10,"104":0,"105":0,"106":0,"107":0,"108":0,"109":0,"110":0,"111":0,"112":0,"113":0,"114":0,"115":0,"116":0,"117":0,"118":0,"119":0,"120":0,"121":10,"122":0,"123":0,"124":0,"125":0,"126":0,"127":0,"128":0,"129":0,"130":0,"131":0,"132":0,"133":0,"134":0,"135":0,"136":0,"137":0,"138":0,"139":0,"140":0,"141":0,"142":0,"143":0,"144":0,"145":0,"146":0,"147":0,"148":0,"149":0,"150":0,"151":0,"152":0,"153":0,"154":0,"155":10,"156":10,"157":0,"158":0,"159":10,"160":4,"161":4,"162":4,"163":4,"164":0,"165":4,"166":0,"167":0,"168":0,"169":0,"170":0,"171":0,"172":0,"173":0,"174":0,"175":0,"176":0,"177":0,"178":0,"179":4,"180":0,"181":4,"182":10,"183":4,"184":4,"185":0,"186":0,"187":4,"188":4,"189":4,"190":4,"191":0,"192":10,"193":4,"194":1,"195":10,"196":2,"197":2,"198":2,"199":2,"200":2,"201":0,"202":0,"203":0,"204":0,"205":0,"206":0,"207":0,"208":0,"209":0,"210":0,"211":0,"212":8,"213":2,"214":2,"215":2,"216":2,"217":2,"218":0,"219":0,"220":0,"221":0,"222":0},"f":{"0":10,"1":0,"2":0,"3":0,"4":0,"5":4,"6":10,"7":4,"8":4,"9":0,"10":4,"11":6,"12":0,"13":0,"14":0,"15":0,"16":0,"17":0,"18":0,"19":0,"20":0,"21":0,"22":0,"23":0,"24":0,"25":0,"26":0,"27":4,"28":4,"29":0,"30":4,"31":0,"32":4,"33":4,"34":2,"35":0,"36":0,"37":0,"38":0,"39":2,"40":2,"41":0,"42":0,"43":0,"44":0,"45":0},"b":{"0":[0,0],"1":[0,0],"2":[0,0],"3":[0,0],"4":[0,0],"5":[0,0],"6":[0,0],"7":[0,4],"8":[0,0],"9":[0,0],"10":[0,0],"11":[0,0],"12":[4,0],"13":[4,4],"14":[0,0],"15":[0,0],"16":[8],"17":[0,10],"18":[0,0],"19":[0,10],"20":[4,0],"21":[0,4],"22":[4,0],"23":[0,0],"24":[0,6],"25":[6,3],"26":[3,3],"27":[6,3,3],"28":[0,0],"29":[0,0],"30":[0,0],"31":[0,0],"32":[0,0],"33":[0,0],"34":[0,0],"35":[0,0],"36":[0,0],"37":[0,0,0,0],"38":[0,0],"39":[0,0,0],"40":[0,0],"41":[0,0,0],"42":[0,0],"43":[0,0],"44":[0,0],"45":[4,0],"46":[0,4],"47":[0,0],"48":[0,4],"49":[4,0,0,0],"50":[4,0],"51":[4,4],"52":[0,4],"53":[1,3],"54":[2,8],"55":[2,0],"56":[2,0],"57":[0,2],"58":[2,2,2],"59":[2,2,0],"60":[2,0],"61":[0,0],"62":[0,0],"63":[0,0],"64":[0,0],"65":[0,2],"66":[0,2],"67":[0,2],"68":[0,2],"69":[2,0],"70":[0,0],"71":[2,2],"72":[8,8],"73":[2,6],"74":[2,6],"75":[8,6,2],"76":[0,2],"77":[0,2],"78":[2,0],"79":[2,0],"80":[0,2],"81":[2,2,2],"82":[2,2,0],"83":[2,0],"84":[0,2],"85":[0,2],"86":[2,0],"87":[0,0],"88":[0,2],"89":[2,2]},"_coverageSchema":"1a1c01bbd47fc00a2c39e90264f33305004495a9","hash":"3cb34a2806c7248ab86f630c06e96375ec152157"}
,"/Users/markburrows/CascadeProjects/bigbrain_website/bigbrain_recovered/src/components/ErrorBoundary.jsx": {"path":"/Users/markburrows/CascadeProjects/bigbrain_website/bigbrain_recovered/src/components/ErrorBoundary.jsx","statementMap":{"0":{"start":{"line":17,"column":4},"end":{"line":17,"column":17}},"1":{"start":{"line":18,"column":4},"end":{"line":23,"column":6}},"2":{"start":{"line":28,"column":4},"end":{"line":28,"column":37}},"3":{"start":{"line":33,"column":4},"end":{"line":37,"column":6}},"4":{"start":{"line":38,"column":4},"end":{"line":38,"column":33}},"5":{"start":{"line":41,"column":4},"end":{"line":41,"column":39}},"6":{"start":{"line":49,"column":16},"end":{"line":63,"column":3}},"7":{"start":{"line":50,"column":4},"end":{"line":62,"column":5}},"8":{"start":{"line":51,"column":6},"end":{"line":58,"column":9}},"9":{"start":{"line":61,"column":6},"end":{"line":61,"column":57}},"10":{"start":{"line":65,"column":18},"end":{"line":69,"column":3}},"11":{"start":{"line":66,"column":4},"end":{"line":68,"column":8}},"12":{"start":{"line":66,"column":32},"end":{"line":68,"column":5}},"13":{"start":{"line":72,"column":4},"end":{"line":137,"column":5}},"14":{"start":{"line":74,"column":6},"end":{"line":136,"column":8}},"15":{"start":{"line":127,"column":33},"end":{"line":127,"column":57}},"16":{"start":{"line":140,"column":4},"end":{"line":140,"column":31}}},"fnMap":{"0":{"name":"(anonymous_0)","decl":{"start":{"line":16,"column":2},"end":{"line":16,"column":3}},"loc":{"start":{"line":16,"column":21},"end":{"line":24,"column":3}},"line":16},"1":{"name":"(anonymous_1)","decl":{"start":{"line":26,"column":2},"end":{"line":26,"column":3}},"loc":{"start":{"line":26,"column":41},"end":{"line":29,"column":3}},"line":26},"2":{"name":"(anonymous_2)","decl":{"start":{"line":31,"column":2},"end":{"line":31,"column":3}},"loc":{"start":{"line":31,"column":38},"end":{"line":42,"column":3}},"line":31},"3":{"name":"(anonymous_3)","decl":{"start":{"line":49,"column":16},"end":{"line":49,"column":17}},"loc":{"start":{"line":49,"column":44},"end":{"line":63,"column":3}},"line":49},"4":{"name":"(anonymous_4)","decl":{"start":{"line":65,"column":18},"end":{"line":65,"column":19}},"loc":{"start":{"line":65,"column":24},"end":{"line":69,"column":3}},"line":65},"5":{"name":"(anonymous_5)","decl":{"start":{"line":66,"column":18},"end":{"line":66,"column":19}},"loc":{"start":{"line":66,"column":32},"end":{"line":68,"column":5}},"line":66},"6":{"name":"(anonymous_6)","decl":{"start":{"line":71,"column":2},"end":{"line":71,"column":3}},"loc":{"start":{"line":71,"column":11},"end":{"line":141,"column":3}},"line":71},"7":{"name":"(anonymous_7)","decl":{"start":{"line":127,"column":27},"end":{"line":127,"column":28}},"loc":{"start":{"line":127,"column":33},"end":{"line":127,"column":57}},"line":127}},"branchMap":{"0":{"loc":{"start":{"line":34,"column":42},"end":{"line":34,"column":83}},"type":"binary-expr","locations":[{"start":{"line":34,"column":42},"end":{"line":34,"column":66}},{"start":{"line":34,"column":70},"end":{"line":34,"column":83}}],"line":34},"1":{"loc":{"start":{"line":52,"column":19},"end":{"line":52,"column":56}},"type":"binary-expr","locations":[{"start":{"line":52,"column":19},"end":{"line":52,"column":43}},{"start":{"line":52,"column":47},"end":{"line":52,"column":56}}],"line":52},"2":{"loc":{"start":{"line":53,"column":17},"end":{"line":53,"column":50}},"type":"binary-expr","locations":[{"start":{"line":53,"column":17},"end":{"line":53,"column":31}},{"start":{"line":53,"column":35},"end":{"line":53,"column":50}}],"line":53},"3":{"loc":{"start":{"line":72,"column":4},"end":{"line":137,"column":5}},"type":"if","locations":[{"start":{"line":72,"column":4},"end":{"line":137,"column":5}},{"start":{},"end":{}}],"line":72},"4":{"loc":{"start":{"line":95,"column":41},"end":{"line":95,"column":83}},"type":"binary-expr","locations":[{"start":{"line":95,"column":41},"end":{"line":95,"column":65}},{"start":{"line":95,"column":69},"end":{"line":95,"column":83}}],"line":95},"5":{"loc":{"start":{"line":98,"column":17},"end":{"line":98,"column":76}},"type":"binary-expr","locations":[{"start":{"line":98,"column":17},"end":{"line":98,"column":42}},{"start":{"line":98,"column":46},"end":{"line":98,"column":76}}],"line":98},"6":{"loc":{"start":{"line":105,"column":19},"end":{"line":105,"column":87}},"type":"cond-expr","locations":[{"start":{"line":105,"column":44},"end":{"line":105,"column":64}},{"start":{"line":105,"column":67},"end":{"line":105,"column":87}}],"line":105},"7":{"loc":{"start":{"line":108,"column":15},"end":{"line":124,"column":15}},"type":"binary-expr","locations":[{"start":{"line":108,"colum
[...]
{"start":{"line":636,"column":22},"end":{"line":636,"column":23}},"loc":{"start":{"line":636,"column":33},"end":{"line":636,"column":79}},"line":636},"15":{"name":"(anonymous_15)","decl":{"start":{"line":652,"column":16},"end":{"line":652,"column":17}},"loc":{"start":{"line":652,"column":23},"end":{"line":652,"column":44}},"line":652},"16":{"name":"(anonymous_16)","decl":{"start":{"line":653,"column":17},"end":{"line":653,"column":18}},"loc":{"start":{"line":653,"column":24},"end":{"line":663,"column":9}},"line":653}},"branchMap":{"0":{"loc":{"start":{"line":88,"column":37},"end":{"line":88,"column":55}},"type":"default-arg","locations":[{"start":{"line":88,"column":44},"end":{"line":88,"column":55}}],"line":88},"1":{"loc":{"start":{"line":90,"column":2},"end":{"line":100,"column":3}},"type":"if","locations":[{"start":{"line":90,"column":2},"end":{"line":100,"column":3}},{"start":{},"end":{}}],"line":90},"2":{"loc":{"start":{"line":91,"column":24},"end":{"line":91,"column":76}},"type":"binary-expr","locations":[{"start":{"line":91,"column":24},"end":{"line":91,"column":46}},{"start":{"line":91,"column":50},"end":{"line":91,"column":76}}],"line":91},"3":{"loc":{"start":{"line":95,"column":4},"end":{"line":99,"column":5}},"type":"if","locations":[{"start":{"line":95,"column":4},"end":{"line":99,"column":5}},{"start":{"line":97,"column":11},"end":{"line":99,"column":5}}],"line":95},"4":{"loc":{"start":{"line":134,"column":4},"end":{"line":137,"column":5}},"type":"if","locations":[{"start":{"line":134,"column":4},"end":{"line":137,"column":5}},{"start":{},"end":{}}],"line":134},"5":{"loc":{"start":{"line":151,"column":4},"end":{"line":154,"column":5}},"type":"if","locations":[{"start":{"line":151,"column":4},"end":{"line":154,"column":5}},{"start":{},"end":{}}],"line":151},"6":{"loc":{"start":{"line":166,"column":4},"end":{"line":169,"column":5}},"type":"if","locations":[{"start":{"line":166,"column":4},"end":{"line":169,"column":5}},{"start":{},"end":{}}],"line":166},"7":{"loc":{"start":{"line":186,"column":6},"end":{"line":189,"column":7}},"type":"if","locations":[{"start":{"line":186,"column":6},"end":{"line":189,"column":7}},{"start":{},"end":{}}],"line":186},"8":{"loc":{"start":{"line":205,"column":6},"end":{"line":208,"column":7}},"type":"if","locations":[{"start":{"line":205,"column":6},"end":{"line":208,"column":7}},{"start":{},"end":{}}],"line":205},"9":{"loc":{"start":{"line":237,"column":2},"end":{"line":243,"column":3}},"type":"if","locations":[{"start":{"line":237,"column":2},"end":{"line":243,"column":3}},{"start":{},"end":{}}],"line":237},"10":{"loc":{"start":{"line":238,"column":4},"end":{"line":239,"column":62}},"type":"binary-expr","locations":[{"start":{"line":238,"column":4},"end":{"line":238,"column":40}},{"start":{"line":239,"column":4},"end":{"line":239,"column":62}}],"line":238},"11":{"loc":{"start":{"line":253,"column":2},"end":{"line":256,"column":3}},"type":"if","locations":[{"start":{"line":253,"column":2},"end":{"line":256,"column":3}},{"start":{},"end":{}}],"line":253},"12":{"loc":{"start":{"line":259,"column":2},"end":{"line":262,"column":3}},"type":"if","locations":[{"start":{"line":259,"column":2},"end":{"line":262,"column":3}},{"start":{},"end":{}}],"line":259},"13":{"loc":{"start":{"line":264,"column":2},"end":{"line":270,"column":3}},"type":"if","locations":[{"start":{"line":264,"column":2},"end":{"line":270,"column":3}},{"start":{},"end":{}}],"line":264},"14":{"loc":{"start":{"line":265,"column":4},"end":{"line":266,"column":69}},"type":"binary-expr","locations":[{"start":{"line":265,"column":4},"end":{"line":265,"column":27}},{"start":{"line":266,"column":4},"end":{"line":266,"column":69}}],"line":265},"15":{"loc":{"start":{"line":273,"column":2},"end":{"line":280,"column":3}},"type":"if","locations":[{"start":{"line":273,"column":2},"end":{"line":280,"column":3}},{"start":{},"end":{}}],"line":273},"16":{"loc":{"start":{"line":273,"column":6},"end":{"line":273,"column":65}},"type":"binary-expr","locations":[{"start":{"line":273,"column":6},"end":{"line":273,"column":28}},{"start":{"line":273,"column":32},"end":{"line":273,"column":65}}],"line":273},"17":{"loc":{"start":{"line":275,"column":6},"end":{"line":277,"column":7}},"type":"if","locations":[{"start":{"line":275,"column":6},"end":{"line":277,"column":7}},{"start":{},"end":{}}],"line":275},"18":{"loc":{"start":{"line":283,"column":2},"end":{"line":290,"column":3}},"type":"if","locations":[{"start":{"line":283,"column":2},"end":{"line":290,"column":3}},{"start":{},"end":{}}],"line":283},"19":{"loc":{"start":{"line":283,"column":6},"end":{"line":283,"column":77}},"type":"binary-expr","locations":[{"start":{"line":283,"column":6},"end":{"line":283,"column":34}},{"start":{"line":283,"column":38},"end":{"line":283,"column":77}}],"line":283},"20":{"loc":{"start":{"line":285,"column":6},"end":{"line":287,"column":7}},"type":"if","locations":[{"start":{"line":285,"column":6},"end":{"line":287,"column":7}},{"start":{},"end":{}}],"line":285},"21":{"loc":{"start":{"line":293,"column":2},"end":{"line":303,"column":3}},"type":"if","locations":[{"start":{"line":293,"column":2},"end":{"line":303,"column":3}},{"start":{"line":298,"column":9},"end":{"line":303,"column":3}}],"line":293},"22":{"loc":{"start":{"line":306,"column":2},"end":{"line":314,"column":3}},"type":"if","locations":[{"start":{"line":306,"column":2},"end":{"line":314,"column":3}},{"start":{"line":308,"column":9},"end":{"line":314,"column":3}}],"line":306},"23":{"loc":{"start":{"line":308,"column":9},"end":{"line":314,"column":3}},"type":"if","locations":[{"start":{"line":308,"column":9},"end":{"line":314,"column":3}},{"start":{"line":310,"column":9},"end":{"line":314,"column":3}}],"line":308},"24":{"loc":{"start":{"line":308,"column":13},"end":{"line":308,"column":88}},"type":"binary-expr","locations":[{"start":{"line":308,"column":13},"end":{"line":308,"column":45}},{"start":{"line":308,"column":49},"end":{"line":308,"column":88}}],"line":308},"25":{"loc":{"start":{"line":310,"column":9},"end":{"line":314,"column":3}},"type":"if","locations":[{"start":{"line":310,"column":9},"end":{"line":314,"column":3}},{"start":{"line":312,"column":9},"end":{"line":314,"column":3}}],"line":310},"26":{"loc":{"start":{"line":321,"column":2},"end":{"line":327,"column":3}},"type":"if","locations":[{"start":{"line":321,"column":2},"end":{"line":327,"column":3}},{"start":{},"end":{}}],"line":321},"27":{"loc":{"start":{"line":330,"column":2},"end":{"line":343,"column":3}},"type":"if","locations":[{"start":{"line":330,"column":2},"end":{"line":343,"column":3}},{"start":{},"end":{}}],"line":330},"28":{"loc":{"start":{"line":336,"column":4},"end":{"line":342,"column":5}},"type":"if","locations":[{"start":{"line":336,"column":4},"end":{"line":342,"column":5}},{"start":{},"end":{}}],"line":336},"29":{"loc":{"start":{"line":346,"column":2},"end":{"line":352,"column":3}},"type":"if","locations":[{"start":{"line":346,"column":2},"end":{"line":352,"column":3}},{"start":{},"end":{}}],"line":346},"30":{"loc":{"start":{"line":355,"column":2},"end":{"line":366,"column":3}},"type":"if","locations":[{"start":{"line":355,"column":2},"end":{"line":366,"column":3}},{"start":{},"end":{}}],"line":355},"31":{"loc":{"start":{"line":356,"column":4},"end":{"line":358,"column":54}},"type":"binary-expr","locations":[{"start":{"line":356,"column":4},"end":{"line":356,"column":36}},{"start":{"line":357,"column":4},"end":{"line":357,"column":30}},{"start":{"line":358,"column":4},"end":{"line":358,"column":54}}],"line":356},"32":{"loc":{"start":{"line":369,"column":2},"end":{"line":379,"column":3}},"type":"if","locations":[{"start":{"line":369,"column":2},"end":{"line":379,"column":3}},{"start":{},"end":{}}],"line":369},"33":{"loc":{"start":{"line":370,"column":4},"end":{"line":372,"column":47}},"type":"binary-expr","locations":[{"start":{"line":370,"column":4},"end":{"line":370,"column":36}},{"start":{"line":371,"column":4},"end":{"line":371,"column":45}},{"start":{"line":372,"column":4},"end":{"line":372,"column":47}}],"line":370},"34":{"loc":{"start":{"line":376,"column":105},"end":{"line":376,"column":169}},"type":"cond-expr","locations":[{"start":{"line":376,"column":133},"end":{"line":376,"column":164}},{"start":{"line":376,"column":167},"end":{"line":376,"column":169}}],"line":376},"35":{"loc":{"start":{"line":382,"column":2},"end":{"line":393,"column":3}},"type":"if","locations":[{"start":{"line":382,"column":2},"end":{"line":393,"column":3}},{"start":{},"end":{}}],"line":382},"36":{"loc":{"start":{"line":383,"column":4},"end":{"line":385,"column":58}},"type":"binary-expr","locations":[{"start":{"line":383,"column":4},"end":{"line":383,"column":43}},{"start":{"line":384,"column":4},"end":{"line":384,"column":47}},{"start":{"line":385,"column":4},"end":{"line":385,"column":58}}],"line":383},"37":{"loc":{"start":{"line":396,"column":2},"end":{"line":406,"column":3}},"type":"if","locations":[{"start":{"line":396,"column":2},"end":{"line":406,"column":3}},{"start":{},"end":{}}],"line":396},"38":{"loc":{"start":{"line":397,"column":4},"end":{"line":398,"column":63}},"type":"binary-expr","locations":[{"start":{"line":397,"column":4},"end":{"line":397,"column":45}},{"start":{"line":398,"column":4},"end":{"line":398,"column":63}}],"line":397},"39":{"loc":{"start":{"line":409,"column":2},"end":{"line":415,"column":3}},"type":"if","locations":[{"start":{"line":409,"column":2},"end":{"line":415,"column":3}},{"start":{},"end":{}}],"line":409},"40":{"loc":{"start":{"line":410,"column":4},"end":{"line":411,"column":57}},"type":"binary-expr","locations":[{"start":{"line":410,"column":4},"end":{"line":410,"column":63}},{"start":{"line":411,"column":4},"end":{"line":411,"column":57}}],"line":410},"41":{"loc":{"start":{"line":418,"column":2},"end":{"line":467,"column":3}},"type":"if","locations":[{"start":{"line":418,"column":2},"end":{"line":467,"column":3}},{"start":{},"end":{}}],"line":418},"42":{"loc":{"start":{"line":423,"column":4},"end":{"line":429,"column":5}},"type":"if","locations":[{"start":{"line":423,"column":4},"end":{"line":429,"column":5}},{"start":{},"end":{}}],"line":423},"43":{"loc":{"start":{"line":426,"column":6},"end":{"line":428,"column":7}},"type":"if","locations":[{"start":{"line":426,"column":6},"end":{"line":428,"column":7}},{"start":{},"end":{}}],"line":426},"44":{"loc":{"start":{"line":426,"column":10},"end":{"line":426,"column":63}},"type":"binary-expr","locations":[{"start":{"line":426,"column":10},"end":{"line":426,"column":29}},{"start":{"line":426,"column":33},"end":{"line":426,"column":63}}],"line":426},"45":{"loc":{"start":{"line":432,"column":4},"end":{"line":445,"column":5}},"type":"if","locations":[{"start":{"line":432,"column":4},"end":{"line":445,"column":5}},{"start":{},"end":{}}],"line":432},"46":{"loc":{"start":{"line":433,"column":6},"end":{"line":438,"column":39}},"type":"binary-expr","locations":[{"start":{"line":433,"column":6},"end":{"line":433,"column":41}},{"start":{"line":434,"column":6},"end":{"line":434,"column":41}},{"start":{"line":435,"column":6},"end":{"line":435,"column":44}},{"start":{"line":436,"column":6},"end":{"line":436,"column":34}},{"start":{"line":437,"column":6},"end":{"line":437,"column":35}},{"start":{"line":438,"column":6},"end":{"line":438,"column":39}}],"line":433},"47":{"loc":{"start":{"line":448,"column":4},"end":{"line":460,"column":5}},"type":"if","locations":[{"start":{"line":448,"column":4},"end":{"line":460,"column":5}},{"start":{},"end":{}}],"line":448},"48":{"loc":{"start":{"line":449,"column":6},"end":{"line":451,"column":37}},"type":"binary-expr","locations":[{"start":{"line":449,"column":6},"end":{"line":449,"column":28}},{"start":{"line":450,"column":6},"end":{"line":450,"column":38}},{"start":{"line":451,"column":6},"end":{"line":451,"column":37}}],"line":449},"49":{"loc":{"start":{"line":456,"column":11},"end":{"line":456,"column":55}},"type":"binary-expr","locations":[{"start":{"line":456,"column":11},"end":{"line":456,"column":43}},{"start":{"line":456,"column":47},"end":{"line":456,"column":55}}],"line":456},"50":{"loc":{"start":{"line":528,"column":2},"end":{"line":528,"column":49}},"type":"if","locations":[{"start":{"line":528,"column":2},"end":{"line":528,"column":49}},{"start":{},"end":{}}],"line":528},"51":{"loc":{"start":{"line":540,"column":46},"end":{"line":540,"column":73}},"type":"binary-expr","locations":[{"start":{"line":540,"column":46},"end":{"line":540,"column":68}},{"start":{"line":540,"column":72},"end":{"line":540,"column":73}}],"line":540},"52":{"loc":{"start":{"line":542,"column":2},"end":{"line":542,"column":66}},"type":"if","locations":[{"start":{"line":542,"column":2},"end":{"line":542,"column":66}},{"start":{},"end":{}}],"line":542},"53":{"loc":{"start":{"line":543,"column":2},"end":{"line":543,"column":99}},"type":"if","locations":[{"start":{"line":543,"column":2},"end":{"line":543,"column":99}},{"start":{},"end":{}}],"line":543},"54":{"loc":{"start":{"line":554,"column":2},"end":{"line":564,"column":3}},"type":"if","locations":[{"start":{"line":554,"column":2},"end":{"line":564,"column":3}},{"start":{},"end":{}}],"line":554},"55":{"loc":{"start":{"line":557,"column":4},"end":{"line":563,"column":5}},"type":"if","locations":[{"start":{"line":557,"column":4},"end":{"line":563,"column":5}},{"start":{"line":559,"column":11},"end":{"line":563,"column":5}}],"line":557},"56":{"loc":{"start":{"line":559,"column":11},"end":{"line":563,"column":5}},"type":"if","locations":[{"start":{"line":559,"column":11},"end":{"line":563,"column":5}},{"start":{"line":561,"column":11},"end":{"line":563,"column":5}}],"line":559},"57":{"loc":{"start":{"line":573,"column":2},"end":{"line":592,"column":3}},"type":"if","locations":[{"start":{"line":573,"column":2},"end":{"line":592,"column":3}},{"start":{},"end":{}}],"line":573},"58":{"loc":{"start":{"line":579,"column":4},"end":{"line":585,"column":5}},"type":"if","locations":[{"start":{"line":579,"column":4},"end":{"line":585,"column":5}},{"start":{},"end":{}}],"line":579},"59":{"loc":{"start":{"line":595,"column":2},"end":{"line":623,"column":3}},"type":"if","locations":[{"start":{"line":595,"column":2},"end":{"line":623,"column":3}},{"start":{},"end":{}}],"line":595},"60":{"loc":{"start":{"line":596,"column":4},"end":{"line":601,"column":5}},"type":"if","locations":[{"start":{"line":596,"column":4},"end":{"line":601,"column":5}},{"start":{},"end":{}}],"line":596},"61":{"loc":{"start":{"line":596,"column":8},"end":{"line":596,"column":71}},"type":"binary-expr","locations":[{"start":{"line":596,"column":8},"end":{"line":596,"column":35}},{"start":{"line":596,"column":39},"end":{"line":596,"column":71}}],"line":596},"62":{"loc":{"start":{"line":603,"column":4},"end":{"line":608,"column":5}},"type":"if","locations":[{"start":{"line":603,"column":4},"end":{"line":608,"column":5}},{"start":{},"end":{}}],"line":603},"63":{"loc":{"start":{"line":603,"column":8},"end":{"line":603,"column":71}},"type":"binary-expr","locations":[{"start":{"line":603,"column":8},"end":{"line":603,"column":39}},{"start":{"line":603,"column":43},"end":{"line":603,"column":71}}],"line":603},"64":{"loc":{"start":{"line":610,"column":4},"end":{"line":615,"column":5}},"type":"if","locations":[{"start":{"line":610,"column":4},"end":{"line":615,"column":5}},{"start":{},"end":{}}],"line":610},"65":{"loc":{"start":{"line":617,"column":4},"end":{"line":622,"column":5}},"type":"if","locations":[{"start":{"line":617,"column":4},"end":{"line":622,"column":5}},{"start":{},"end":{}}],"line":617},"66":{"loc":{"start":{"line":642,"column":4},"end":{"line":644,"column":5}},"type":"if","locations":[{"start":{"line":642,"column":4},"end":{"line":644,"column":5}},{"start":{},"end":{}}],"line":642},"67":{"loc":{"start":{"line":650,"column":4},"end":{"line":664,"column":5}},"type":"if","locations":[{"start":{"line":650,"column":4},"end":{"line":664,"column":5}},{"start":{},"end":{}}],"line":650},"68":{"loc":{"start":{"line":650,"column":8},"end":{"line":650,"column":95}},"type":"binary-expr","locations":[{"start":{"line":650,"column":8},"end":{"line":650,"column":26}},{"start":{"line":650,"column":31},"end":{"line":650,"column":64}},{"start":{"line":650,"column":68},"end":{"line":650,"column":94}}],"line":650},"69":{"loc":{"start":{"line":655,"column":10},"end":{"line":658,"column":11}},"type":"if","locations":[{"start":{"line":655,"column":10},"end":{"line":658,"column":11}},{"start":{},"end":{}}],"line":655},"70":{"loc":{"start":{"line":655,"column":14},"end":{"line":655,"column":76}},"type":"binary-expr","locations":[{"start":{"line":655,"column":14},"end":{"line":655,"column":39}},{"start":{"line":655,"column":43},"end":{"line":655,"column":76}}],"line":655},"71":{"loc":{"start":{"line":659,"column":10},"end":{"line":662,"column":11}},"type":"if","locations":[{"start":{"line":659,"column":10},"end":{"line":662,"column":11}},{"start":{},"end":{}}],"line":659},"72":{"loc":{"start":{"line":659,"column":14},"end":{"line":659,"column":62}},"type":"binary-expr","locations":[{"start":{"line":659,"column":14},"end":{"line":659,"column":32}},{"start":{"line":659,"column":36},"end":{"line":659,"column":62}}],"line":659},"73":{"loc":{"start":{"line":670,"column":4},"end":{"line":677,"column":5}},"type":"if","locations":[{"start":{"line":670,"column":4},"end":{"line":677,"column":5}},{"start":{},"end":{}}],"line":670}},"s":{"0":1,"1":0,"2":0,"3":0,"4":0,"5":0,"6":0,"7":0,"8":0,"9":0,"10":0,"11":0,"12":0,"13":1,"14":1,"15":0,"16":0,"17":0,"18":0,"19":0,"20":0,"21":0,"22":1,"23":0,"24":0,"25":0,"26":0,"27":0,"28":0,"29":0,"30":0,"31":0,"32":0,"33":0,"34":0,"35":0,"36":0,"37":0,"38":0,"39":0,"40":0,"41":0,"42":0,"43":0,"44":0,"45":0,"46":0,"47":0,"48":0,"49":0,"50":0,"51":0,"52":0,"53":0,"54":0,"55":0,"56":0,"57":0,"58":0,"59":0,"60":1,"61":0,"62":0,"63":0,"64":0,"65":0,"66":0,"67":0,"68":0,"69":0,"70":0,"71":0,"72":0,"73":0,"74":0,"75":0,"76":0,"77":0,"78":0,"79":0,"80":0,"81":0,"82":0,"83":0,"84":0,"85":0,"86":0,"87":0,"88":0,"89":0,"90":0,"91":0,"92":0,"93":0,"94":0,"95":0,"96":0,"97":0,"98":0,"99":0,"100":0,"101":0,"102":0,"103":0,"104":0,"105":0,"106":0,"107":0,"108":0,"109":0,"110":0,"111":0,"112":0,"113":0,"114":0,"115":0,"116":0,"117":0,"118":0,"119":0,"120":0,"121":0,"122":0,"123":0,"124":0,"125":0,"126":0,"127":0,"128":0,"129":0,"130":0,"131":0,"132":0,"133":0,"134":0,"135":0,"136":0,"137":0,"138":1,"139":0,"140":0,"141":0,"142":0,"143":1,"144":0,"145":0,"146":0,"147":0,"148":0,"149":0,"150":0,"151":0,"152":0,"153":0,"154":0,"155":1,"156":0,"157":0,"158":0,"159":0,"160":0,"161":0,"162":0,"163":0,"164":0,"165":1,"166":0,"167":0,"168":0,"169":0,"170":0,"171":0,"172":0,"173":0,"174":0,"175":0,"176":0,"177":0,"178":0,"179":0,"180":0,"181":0,"182":0,"183":1,"184":0,"185":0,"186":0,"187":0,"188":0,"189":0,"190":0,"191":0,"192":0,"193":0,"194":0,"195":0,"196":0,"197":0,"198":0,"199":0,"200":0,"201":0,"202":0,"203":0},"f":{"0":0,"1":0,"2":0,"3":0,"4":0,"5":0,"6":0,"7":0,"8":0,"9":0,"10":0,"11":0,"12":0,"13":0,"14":0,"15":0,"16":0},"b":{"0":[0],"1":[0,0],"2":[0,0],"3":[0,0],"4":[0,0],"5":[0,0],"6":[0,0],"7":[0,0],"8":[0,0],"9":[0,0],"10":[0,0],"11":[0,0],"12":[0,0],"13":[0,0],"14":[0,0],"15":[0,0],"16":[0,0],"17":[0,0],"18":[0,0],"19":[0,0],"20":[0,0],"21":[0,0],"22":[0,0],"23":[0,0],"24":[0,0],"25":[0,0],"26":[0,0],"27":[0,0],"28":[0,0],"29":[0,0],"30":[0,0],"31":[0,0,0],"32":[0,0],"33":[0,0,0],"34":[0,0],"35":[0,0],"36":[0,0,0],"37":[0,0],"38":[0,0],"39":[0,0],"40":[0,0],"41":[0,0],"42":[0,0],"43":[0,0],"44":[0,0],"45":[0,0],"46":[0,0,0,0,0,0],"47":[0,0],"48":[0,0,0],"49":[0,0],"50":[0,0],"51":[0,0],"52":[0,0],"53":[0,0],"54":[0,0],"55":[0,0],"56":[0,0],"57":[0,0],"58":[0,0],"59":[0,0],"60":[0,0],"61":[0,0],"62":[0,0],"63":[0,0],"64":[0,0],"65":[0,0],"66":[0,0],"67":[0,0],"68":[0,0,0],"69":[0,0],"70":[0,0],"71":[0,0],"72":[0,0],"73":[0,0]},"_coverageSchema":"1a1c01bbd47fc00a2c39e90264f33305004495a9","hash":"04b4288568b3a55f5aa2462827d83a86732b954c"}
}
