TN:
SF:src/components/AdminDashboard.jsx
FN:14,AdminDashboard
FN:21,(anonymous_1)
FN:22,checkAdminStatus
FN:124,(anonymous_3)
FN:190,(anonymous_4)
FN:204,(anonymous_5)
FN:212,(anonymous_6)
FN:223,(anonymous_7)
FN:228,(anonymous_8)
FN:235,(anonymous_9)
FN:245,(anonymous_10)
FN:328,(anonymous_11)
FN:375,(anonymous_12)
FN:383,(anonymous_13)
FN:391,(anonymous_14)
FN:407,(anonymous_15)
FN:416,(anonymous_16)
FN:424,(anonymous_17)
FN:441,(anonymous_18)
FN:488,(anonymous_19)
FN:563,(anonymous_20)
FN:638,(anonymous_21)
FN:646,(anonymous_22)
FN:654,(anonymous_23)
FNF:24
FNH:10
FNDA:10,AdminDashboard
FNDA:4,(anonymous_1)
FNDA:4,checkAdminStatus
FNDA:1,(anonymous_3)
FNDA:1,(anonymous_4)
FNDA:7,(anonymous_5)
FNDA:4,(anonymous_6)
FNDA:0,(anonymous_7)
FNDA:0,(anonymous_8)
FNDA:0,(anonymous_9)
FNDA:3,(anonymous_10)
FNDA:1,(anonymous_11)
FNDA:0,(anonymous_12)
FNDA:0,(anonymous_13)
FNDA:0,(anonymous_14)
FNDA:0,(anonymous_15)
FNDA:0,(anonymous_16)
FNDA:0,(anonymous_17)
FNDA:0,(anonymous_18)
FNDA:0,(anonymous_19)
FNDA:2,(anonymous_20)
FNDA:0,(anonymous_21)
FNDA:0,(anonymous_22)
FNDA:0,(anonymous_23)
DA:15,10
DA:16,9
DA:17,9
DA:18,9
DA:21,9
DA:23,4
DA:24,4
DA:27,4
DA:28,4
DA:29,4
DA:30,4
DA:31,4
DA:32,4
DA:35,0
DA:39,4
DA:40,0
DA:41,0
DA:43,0
DA:44,0
DA:45,4
DA:48,0
DA:49,0
DA:51,0
DA:52,0
DA:56,4
DA:61,4
DA:63,4
DA:65,3
DA:68,3
DA:74,3
DA:75,2
DA:78,1
DA:82,0
DA:86,1
DA:87,1
DA:90,0
DA:91,0
DA:93,4
DA:97,4
DA:101,9
DA:102,9
DA:108,9
DA:109,9
DA:110,9
DA:113,9
DA:121,9
DA:124,9
DA:125,1
DA:126,1
DA:127,1
DA:135,1
DA:136,1
DA:138,0
DA:139,0
DA:142,0
DA:185,1
DA:190,9
DA:191,1
DA:192,1
DA:193,1
DA:194,0
DA:196,1
DA:199,1
DA:204,9
DA:205,7
DA:206,1
DA:207,1
DA:212,9
DA:213,4
DA:214,0
DA:215,0
DA:216,0
DA:217,0
DA:223,9
DA:224,0
DA:228,9
DA:229,0
DA:230,0
DA:231,0
DA:235,9
DA:236,0
DA:238,0
DA:245,9
DA:246,3
DA:329,1
DA:375,0
DA:383,0
DA:394,0
DA:395,0
DA:396,0
DA:397,0
DA:398,0
DA:399,0
DA:401,0
DA:404,0
DA:407,0
DA:416,0
DA:424,0
DA:441,9
DA:442,0
DA:488,9
DA:489,0
DA:563,9
DA:564,2
DA:584,9
DA:585,4
DA:603,5
DA:604,0
DA:620,5
DA:621,2
DA:625,3
DA:638,0
DA:646,0
DA:654,0
LF:114
LH:69
BRDA:30,0,0,4
BRDA:30,0,1,0
BRDA:30,1,0,4
BRDA:30,1,1,4
BRDA:39,2,0,0
BRDA:39,2,1,4
BRDA:39,3,0,4
BRDA:39,3,1,0
BRDA:40,4,0,0
BRDA:40,4,1,0
BRDA:45,5,0,0
BRDA:45,5,1,4
BRDA:48,6,0,0
BRDA:48,6,1,0
BRDA:63,7,0,1
BRDA:63,7,1,3
BRDA:65,8,0,3
BRDA:65,8,1,0
BRDA:74,9,0,2
BRDA:74,9,1,1
BRDA:124,10,0,1
BRDA:205,11,0,1
BRDA:205,11,1,6
BRDA:205,12,0,7
BRDA:205,12,1,1
BRDA:213,13,0,0
BRDA:213,13,1,4
BRDA:213,14,0,4
BRDA:213,14,1,0
BRDA:214,15,0,0
BRDA:214,15,1,0
BRDA:216,16,0,0
BRDA:216,16,1,0
BRDA:229,17,0,0
BRDA:229,17,1,0
BRDA:229,18,0,0
BRDA:229,18,1,0
BRDA:264,19,0,0
BRDA:264,19,1,3
BRDA:312,20,0,1
BRDA:312,20,1,2
BRDA:321,21,0,1
BRDA:321,21,1,1
BRDA:331,22,0,1
BRDA:331,22,1,1
BRDA:338,23,0,0
BRDA:338,23,1,1
BRDA:338,24,0,0
BRDA:338,24,1,1
BRDA:340,25,0,1
BRDA:340,25,1,1
BRDA:345,26,0,0
BRDA:345,26,1,1
BRDA:347,27,0,0
BRDA:347,27,1,1
BRDA:356,28,0,0
BRDA:356,28,1,1
BRDA:367,29,0,3
BRDA:367,29,1,0
BRDA:377,30,0,0
BRDA:377,30,1,0
BRDA:385,31,0,0
BRDA:385,31,1,0
BRDA:394,32,0,0
BRDA:394,32,1,0
BRDA:396,33,0,0
BRDA:396,33,1,0
BRDA:398,34,0,0
BRDA:398,34,1,0
BRDA:408,35,0,0
BRDA:408,35,1,0
BRDA:418,36,0,0
BRDA:418,36,1,0
BRDA:426,37,0,0
BRDA:426,37,1,0
BRDA:584,38,0,4
BRDA:584,38,1,5
BRDA:603,39,0,0
BRDA:603,39,1,5
BRDA:620,40,0,2
BRDA:620,40,1,3
BRDA:639,41,0,3
BRDA:639,41,1,0
BRDA:647,42,0,0
BRDA:647,42,1,3
BRDA:655,43,0,0
BRDA:655,43,1,3
BRDA:672,44,0,3
BRDA:672,44,1,3
BRDA:673,45,0,3
BRDA:673,45,1,0
BRDA:674,46,0,3
BRDA:674,46,1,0
BRF:93
BRH:45
end_of_record
TN:
SF:src/components/ChatDock.jsx
FN:16,(anonymous_0)
FN:22,(anonymous_1)
FN:32,(anonymous_2)
FN:94,(anonymous_3)
FN:96,(anonymous_4)
FN:107,(anonymous_5)
FN:130,(anonymous_6)
FN:177,(anonymous_7)
FN:179,(anonymous_8)
FN:184,(anonymous_9)
FN:193,(anonymous_10)
FN:200,(anonymous_11)
FN:212,(anonymous_12)
FN:239,(anonymous_13)
FN:244,(anonymous_14)
FN:248,(anonymous_15)
FN:258,(anonymous_16)
FN:269,(anonymous_17)
FN:274,(anonymous_18)
FN:278,(anonymous_19)
FN:283,(anonymous_20)
FN:291,(anonymous_21)
FN:297,(anonymous_22)
FN:332,(anonymous_23)
FN:349,(anonymous_24)
FN:358,(anonymous_25)
FN:367,(anonymous_26)
FN:373,(anonymous_27)
FN:374,(anonymous_28)
FN:409,(anonymous_29)
FN:415,(anonymous_30)
FN:420,(anonymous_31)
FN:427,(anonymous_32)
FN:435,(anonymous_33)
FN:480,(anonymous_34)
FN:529,(anonymous_35)
FN:563,(anonymous_36)
FN:566,(anonymous_37)
FN:582,(anonymous_38)
FN:609,(anonymous_39)
FN:662,(anonymous_40)
FN:711,(anonymous_41)
FN:711,(anonymous_42)
FN:723,(anonymous_43)
FN:726,(anonymous_44)
FN:742,(anonymous_45)
FNF:46
FNH:15
FNDA:10,(anonymous_0)
FNDA:0,(anonymous_1)
FNDA:0,(anonymous_2)
FNDA:0,(anonymous_3)
FNDA:0,(anonymous_4)
FNDA:4,(anonymous_5)
FNDA:10,(anonymous_6)
FNDA:4,(anonymous_7)
FNDA:4,(anonymous_8)
FNDA:0,(anonymous_9)
FNDA:4,(anonymous_10)
FNDA:6,(anonymous_11)
FNDA:0,(anonymous_12)
FNDA:0,(anonymous_13)
FNDA:0,(anonymous_14)
FNDA:0,(anonymous_15)
FNDA:0,(anonymous_16)
FNDA:0,(anonymous_17)
FNDA:0,(anonymous_18)
FNDA:0,(anonymous_19)
FNDA:0,(anonymous_20)
FNDA:0,(anonymous_21)
FNDA:0,(anonymous_22)
FNDA:0,(anonymous_23)
FNDA:0,(anonymous_24)
FNDA:0,(anonymous_25)
FNDA:0,(anonymous_26)
FNDA:4,(anonymous_27)
FNDA:4,(anonymous_28)
FNDA:0,(anonymous_29)
FNDA:4,(anonymous_30)
FNDA:0,(anonymous_31)
FNDA:4,(anonymous_32)
FNDA:4,(anonymous_33)
FNDA:2,(anonymous_34)
FNDA:0,(anonymous_35)
FNDA:0,(anonymous_36)
FNDA:0,(anonymous_37)
FNDA:0,(anonymous_38)
FNDA:2,(anonymous_39)
FNDA:2,(anonymous_40)
FNDA:0,(anonymous_41)
FNDA:0,(anonymous_42)
FNDA:0,(anonymous_43)
FNDA:0,(anonymous_44)
FNDA:0,(anonymous_45)
DA:11,1
DA:13,1
DA:16,1
DA:22,10
DA:24,0
DA:25,0
DA:26,0
DA:29,0
DA:31,0
DA:32,0
DA:34,0
DA:45,0
DA:47,0
DA:48,0
DA:49,0
DA:51,0
DA:52,0
DA:53,0
DA:58,0
DA:59,0
DA:62,0
DA:63,0
DA:64,0
DA:67,0
DA:72,0
DA:73,0
DA:76,0
DA:77,0
DA:78,0
DA:80,0
DA:83,0
DA:92,1
DA:94,1
DA:95,0
DA:97,0
DA:107,1
DA:109,4
DA:113,4
DA:130,1
DA:132,10
DA:134,0
DA:137,10
DA:138,10
DA:139,10
DA:142,10
DA:143,10
DA:144,10
DA:145,10
DA:146,10
DA:149,10
DA:150,10
DA:151,10
DA:159,10
DA:161,10
DA:162,10
DA:163,10
DA:166,10
DA:177,10
DA:178,4
DA:179,4
DA:180,4
DA:181,4
DA:182,4
DA:183,0
DA:184,0
DA:189,4
DA:190,4
DA:193,4
DA:194,4
DA:200,10
DA:201,6
DA:202,0
DA:206,6
DA:207,3
DA:212,10
DA:213,0
DA:214,0
DA:215,0
DA:218,0
DA:221,0
DA:222,0
DA:223,0
DA:224,0
DA:225,0
DA:226,0
DA:229,0
DA:231,0
DA:235,0
DA:236,0
DA:237,0
DA:238,0
DA:239,0
DA:240,0
DA:241,0
DA:242,0
DA:244,0
DA:245,0
DA:246,0
DA:248,0
DA:249,0
DA:252,0
DA:253,0
DA:257,10
DA:259,0
DA:262,0
DA:264,0
DA:265,0
DA:266,0
DA:269,0
DA:270,0
DA:274,0
DA:275,0
DA:278,0
DA:279,0
DA:281,0
DA:283,0
DA:284,0
DA:291,10
DA:292,0
DA:294,0
DA:296,0
DA:297,0
DA:298,0
DA:299,0
DA:302,0
DA:305,0
DA:306,0
DA:309,0
DA:310,0
DA:314,0
DA:317,0
DA:324,0
DA:328,0
DA:329,0
DA:332,0
DA:333,0
DA:336,0
DA:338,0
DA:339,0
DA:341,0
DA:342,0
DA:343,0
DA:348,0
DA:349,0
DA:352,0
DA:355,0
DA:358,0
DA:359,0
DA:364,10
DA:367,10
DA:368,0
DA:369,0
DA:373,10
DA:374,4
DA:376,4
DA:377,4
DA:378,4
DA:380,0
DA:385,4
DA:386,0
DA:388,0
DA:389,0
DA:390,0
DA:391,0
DA:392,0
DA:393,0
DA:394,0
DA:395,0
DA:398,0
DA:399,0
DA:402,0
DA:404,0
DA:409,4
DA:410,4
DA:415,10
DA:416,4
DA:418,4
DA:420,0
DA:421,4
DA:423,4
DA:427,4
DA:428,4
DA:429,0
DA:435,10
DA:436,4
DA:437,1
DA:442,10
DA:443,2
DA:482,2
DA:483,2
DA:484,2
DA:486,2
DA:531,0
DA:532,0
DA:535,0
DA:536,0
DA:537,0
DA:539,0
DA:540,0
DA:542,0
DA:563,0
DA:567,0
DA:582,0
DA:603,8
DA:609,2
DA:664,2
DA:665,2
DA:666,2
DA:668,2
DA:711,0
DA:723,0
DA:727,0
DA:742,0
LF:213
LH:76
BRDA:24,0,0,0
BRDA:24,0,1,0
BRDA:47,1,0,0
BRDA:47,1,1,0
BRDA:49,2,0,0
BRDA:49,2,1,0
BRDA:62,3,0,0
BRDA:62,3,1,0
BRDA:67,4,0,0
BRDA:67,4,1,0
BRDA:76,5,0,0
BRDA:76,5,1,0
BRDA:83,6,0,0
BRDA:83,6,1,0
BRDA:109,7,0,0
BRDA:109,7,1,4
BRDA:110,8,0,0
BRDA:110,8,1,0
BRDA:110,9,0,0
BRDA:110,9,1,0
BRDA:110,10,0,0
BRDA:110,10,1,0
BRDA:110,11,0,0
BRDA:110,11,1,0
BRDA:111,12,0,4
BRDA:111,12,1,0
BRDA:111,13,0,4
BRDA:111,13,1,4
BRDA:111,14,0,0
BRDA:111,14,1,0
BRDA:111,15,0,0
BRDA:111,15,1,0
BRDA:130,16,0,8
BRDA:132,17,0,0
BRDA:132,17,1,10
BRDA:134,18,0,0
BRDA:134,18,1,0
BRDA:154,19,0,0
BRDA:154,19,1,10
BRDA:178,20,0,4
BRDA:178,20,1,0
BRDA:182,21,0,0
BRDA:182,21,1,4
BRDA:182,22,0,4
BRDA:182,22,1,0
BRDA:184,23,0,0
BRDA:184,23,1,0
BRDA:201,24,0,0
BRDA:201,24,1,6
BRDA:201,25,0,6
BRDA:201,25,1,3
BRDA:206,26,0,3
BRDA:206,26,1,3
BRDA:206,27,0,6
BRDA:206,27,1,3
BRDA:206,27,2,3
BRDA:213,28,0,0
BRDA:213,28,1,0
BRDA:213,29,0,0
BRDA:213,29,1,0
BRDA:218,30,0,0
BRDA:218,30,1,0
BRDA:221,31,0,0
BRDA:221,31,1,0
BRDA:259,32,0,0
BRDA:259,32,1,0
BRDA:279,33,0,0
BRDA:279,33,1,0
BRDA:294,34,0,0
BRDA:294,34,1,0
BRDA:309,35,0,0
BRDA:309,35,1,0
BRDA:317,36,0,0
BRDA:317,36,1,0
BRDA:318,37,0,0
BRDA:318,37,1,0
BRDA:318,37,2,0
BRDA:318,37,3,0
BRDA:328,38,0,0
BRDA:328,38,1,0
BRDA:328,39,0,0
BRDA:328,39,1,0
BRDA:328,39,2,0
BRDA:336,40,0,0
BRDA:336,40,1,0
BRDA:336,41,0,0
BRDA:336,41,1,0
BRDA:336,41,2,0
BRDA:338,42,0,0
BRDA:338,42,1,0
BRDA:341,43,0,0
BRDA:341,43,1,0
BRDA:348,44,0,0
BRDA:348,44,1,0
BRDA:376,45,0,4
BRDA:376,45,1,0
BRDA:385,46,0,0
BRDA:385,46,1,4
BRDA:398,47,0,0
BRDA:398,47,1,0
BRDA:418,48,0,0
BRDA:418,48,1,4
BRDA:418,49,0,4
BRDA:418,49,1,0
BRDA:418,49,2,0
BRDA:418,49,3,0
BRDA:421,50,0,4
BRDA:421,50,1,0
BRDA:421,51,0,4
BRDA:421,51,1,4
BRDA:428,52,0,0
BRDA:428,52,1,4
BRDA:436,53,0,1
BRDA:436,53,1,3
BRDA:442,54,0,2
BRDA:442,54,1,8
BRDA:482,55,0,2
BRDA:482,55,1,0
BRDA:483,56,0,2
BRDA:483,56,1,0
BRDA:489,57,0,0
BRDA:489,57,1,2
BRDA:492,58,0,2
BRDA:492,58,1,2
BRDA:492,58,2,2
BRDA:499,59,0,2
BRDA:499,59,1,2
BRDA:499,59,2,0
BRDA:508,60,0,2
BRDA:508,60,1,0
BRDA:535,61,0,0
BRDA:535,61,1,0
BRDA:535,62,0,0
BRDA:535,62,1,0
BRDA:537,63,0,0
BRDA:537,63,1,0
BRDA:537,64,0,0
BRDA:537,64,1,0
BRDA:546,65,0,0
BRDA:546,65,1,2
BRDA:548,66,0,0
BRDA:548,66,1,2
BRDA:550,67,0,0
BRDA:550,67,1,2
BRDA:555,68,0,0
BRDA:555,68,1,2
BRDA:559,69,0,2
BRDA:559,69,1,0
BRDA:569,70,0,0
BRDA:569,70,1,0
BRDA:590,71,0,2
BRDA:590,71,1,2
BRDA:606,72,0,8
BRDA:606,72,1,8
BRDA:610,73,0,2
BRDA:610,73,1,6
BRDA:613,74,0,2
BRDA:613,74,1,6
BRDA:618,75,0,8
BRDA:618,75,1,6
BRDA:618,75,2,2
BRDA:623,76,0,0
BRDA:623,76,1,2
BRDA:630,77,0,0
BRDA:630,77,1,2
BRDA:664,78,0,2
BRDA:664,78,1,0
BRDA:665,79,0,2
BRDA:665,79,1,0
BRDA:671,80,0,0
BRDA:671,80,1,2
BRDA:674,81,0,2
BRDA:674,81,1,2
BRDA:674,81,2,2
BRDA:681,82,0,2
BRDA:681,82,1,2
BRDA:681,82,2,0
BRDA:690,83,0,2
BRDA:690,83,1,0
BRDA:712,84,0,0
BRDA:712,84,1,2
BRDA:713,85,0,0
BRDA:713,85,1,2
BRDA:719,86,0,2
BRDA:719,86,1,0
BRDA:729,87,0,0
BRDA:729,87,1,0
BRDA:749,88,0,0
BRDA:749,88,1,2
BRDA:750,89,0,2
BRDA:750,89,1,2
BRF:191
BRH:72
end_of_record
TN:
SF:src/components/ErrorBoundary.jsx
FN:16,(anonymous_0)
FN:26,(anonymous_1)
FN:31,(anonymous_2)
FN:49,(anonymous_3)
FN:65,(anonymous_4)
FN:66,(anonymous_5)
FN:71,(anonymous_6)
FN:127,(anonymous_7)
FNF:8
FNH:2
FNDA:2,(anonymous_0)
FNDA:0,(anonymous_1)
FNDA:0,(anonymous_2)
FNDA:0,(anonymous_3)
FNDA:0,(anonymous_4)
FNDA:0,(anonymous_5)
FNDA:5,(anonymous_6)
FNDA:0,(anonymous_7)
DA:17,2
DA:18,2
DA:28,0
DA:33,0
DA:38,0
DA:41,0
DA:49,2
DA:50,0
DA:51,0
DA:61,0
DA:65,2
DA:66,0
DA:72,5
DA:74,0
DA:127,0
DA:140,5
LF:16
LH:6
BRDA:34,0,0,0
BRDA:34,0,1,0
BRDA:52,1,0,0
BRDA:52,1,1,0
BRDA:53,2,0,0
BRDA:53,2,1,0
BRDA:72,3,0,0
BRDA:72,3,1,5
BRDA:95,4,0,0
BRDA:95,4,1,0
BRDA:98,5,0,0
BRDA:98,5,1,0
BRDA:105,6,0,0
BRDA:105,6,1,0
BRDA:108,7,0,0
BRDA:108,7,1,0
BRDA:115,8,0,0
BRDA:115,8,1,0
BRDA:120,9,0,0
BRDA:120,9,1,0
BRF:20
BRH:1
end_of_record
TN:
SF:src/test-utils/MockErrorBoundary.js
FN:7,(anonymous_0)
FN:17,(anonymous_1)
FN:21,(anonymous_2)
FN:30,(anonymous_3)
FN:31,(anonymous_4)
FN:36,(anonymous_5)
FNF:6
FNH:6
FNDA:7,(anonymous_0)
FNDA:6,(anonymous_1)
FNDA:3,(anonymous_2)
FNDA:2,(anonymous_3)
FNDA:2,(anonymous_4)
FNDA:18,(anonymous_5)
DA:8,7
DA:9,7
DA:18,6
DA:22,3
DA:27,3
DA:30,7
DA:31,2
DA:37,18
DA:38,11
DA:55,7
LF:10
LH:10
BRDA:23,0,0,3
BRDA:23,0,1,1
BRDA:37,1,0,11
BRDA:37,1,1,7
BRDA:40,2,0,11
BRDA:40,2,1,3
BRDA:41,3,0,11
BRDA:41,3,1,0
BRDA:43,4,0,1
BRDA:43,4,1,10
BRDA:45,5,0,11
BRDA:45,5,1,1
BRDA:48,6,0,1
BRDA:48,6,1,0
BRF:14
BRH:12
end_of_record
TN:
SF:src/utils/constants.js
FNF:0
FNH:0
DA:7,2
DA:18,2
DA:25,2
DA:33,2
DA:51,2
DA:79,2
DA:86,2
DA:103,2
DA:111,2
DA:117,2
DA:123,2
DA:136,2
DA:150,2
DA:156,2
LF:14
LH:14
BRF:0
BRH:0
end_of_record
TN:
SF:src/utils/csrfUtils.js
FN:10,(anonymous_0)
FN:32,(anonymous_1)
FN:47,(anonymous_2)
FN:67,(anonymous_3)
FNF:4
FNH:0
FNDA:0,(anonymous_0)
FNDA:0,(anonymous_1)
FNDA:0,(anonymous_2)
FNDA:0,(anonymous_3)
DA:10,2
DA:11,0
DA:12,0
DA:13,0
DA:15,0
DA:17,0
DA:18,0
DA:21,0
DA:23,0
DA:24,0
DA:32,2
DA:33,0
DA:35,0
DA:36,0
DA:39,0
DA:47,2
DA:48,0
DA:50,0
DA:67,2
DA:68,0
DA:69,0
DA:82,0
DA:84,0
DA:85,0
DA:86,0
DA:89,0
DA:91,0
DA:92,0
LF:28
LH:4
BRDA:15,0,0,0
BRDA:15,0,1,0
BRDA:35,1,0,0
BRDA:35,1,1,0
BRDA:47,2,0,0
BRDA:67,3,0,0
BRDA:84,4,0,0
BRDA:84,4,1,0
BRDA:86,5,0,0
BRDA:86,5,1,0
BRF:10
BRH:0
end_of_record
TN:
SF:src/utils/engineerChatService.js
FN:32,(anonymous_0)
FN:88,(anonymous_1)
FN:105,(anonymous_2)
FN:228,(anonymous_3)
FN:234,(anonymous_4)
FN:274,(anonymous_5)
FN:284,(anonymous_6)
FN:477,(anonymous_7)
FN:523,(anonymous_8)
FN:527,(anonymous_9)
FN:540,(anonymous_10)
FN:550,(anonymous_11)
FN:569,(anonymous_12)
FN:634,(anonymous_13)
FN:636,(anonymous_14)
FN:652,(anonymous_15)
FN:653,(anonymous_16)
FNF:17
FNH:0
FNDA:0,(anonymous_0)
FNDA:0,(anonymous_1)
FNDA:0,(anonymous_2)
FNDA:0,(anonymous_3)
FNDA:0,(anonymous_4)
FNDA:0,(anonymous_5)
FNDA:0,(anonymous_6)
FNDA:0,(anonymous_7)
FNDA:0,(anonymous_8)
FNDA:0,(anonymous_9)
FNDA:0,(anonymous_10)
FNDA:0,(anonymous_11)
FNDA:0,(anonymous_12)
FNDA:0,(anonymous_13)
FNDA:0,(anonymous_14)
FNDA:0,(anonymous_15)
FNDA:0,(anonymous_16)
DA:5,1
DA:33,0
DA:34,0
DA:35,0
DA:36,0
DA:37,0
DA:38,0
DA:39,0
DA:40,0
DA:42,0
DA:51,0
DA:52,0
DA:53,0
DA:58,1
DA:88,1
DA:90,0
DA:91,0
DA:92,0
DA:95,0
DA:96,0
DA:98,0
DA:101,0
DA:105,1
DA:106,0
DA:107,0
DA:110,0
DA:133,0
DA:134,0
DA:135,0
DA:136,0
DA:142,0
DA:149,0
DA:150,0
DA:151,0
DA:152,0
DA:153,0
DA:158,0
DA:164,0
DA:165,0
DA:166,0
DA:167,0
DA:168,0
DA:173,0
DA:183,0
DA:184,0
DA:185,0
DA:186,0
DA:187,0
DA:188,0
DA:194,0
DA:202,0
DA:203,0
DA:204,0
DA:205,0
DA:206,0
DA:207,0
DA:213,0
DA:228,0
DA:230,0
DA:234,1
DA:236,0
DA:237,0
DA:242,0
DA:246,0
DA:249,0
DA:253,0
DA:254,0
DA:255,0
DA:259,0
DA:260,0
DA:261,0
DA:264,0
DA:268,0
DA:269,0
DA:273,0
DA:274,0
DA:275,0
DA:276,0
DA:279,0
DA:283,0
DA:284,0
DA:285,0
DA:286,0
DA:289,0
DA:293,0
DA:294,0
DA:299,0
DA:306,0
DA:307,0
DA:308,0
DA:309,0
DA:310,0
DA:311,0
DA:313,0
DA:321,0
DA:322,0
DA:323,0
DA:330,0
DA:332,0
DA:333,0
DA:336,0
DA:337,0
DA:338,0
DA:346,0
DA:347,0
DA:348,0
DA:355,0
DA:360,0
DA:361,0
DA:362,0
DA:369,0
DA:374,0
DA:375,0
DA:382,0
DA:387,0
DA:388,0
DA:389,0
DA:396,0
DA:400,0
DA:401,0
DA:402,0
DA:409,0
DA:413,0
DA:414,0
DA:418,0
DA:420,0
DA:423,0
DA:425,0
DA:426,0
DA:427,0
DA:432,0
DA:440,0
DA:441,0
DA:448,0
DA:454,0
DA:463,0
DA:470,0
DA:477,1
DA:479,0
DA:522,0
DA:523,0
DA:527,1
DA:528,0
DA:530,0
DA:540,0
DA:542,0
DA:543,0
DA:545,0
DA:546,0
DA:550,1
DA:551,0
DA:554,0
DA:555,0
DA:557,0
DA:558,0
DA:559,0
DA:560,0
DA:562,0
DA:565,0
DA:569,1
DA:570,0
DA:573,0
DA:574,0
DA:577,0
DA:579,0
DA:580,0
DA:588,0
DA:595,0
DA:596,0
DA:597,0
DA:603,0
DA:604,0
DA:610,0
DA:611,0
DA:617,0
DA:618,0
DA:626,0
DA:632,1
DA:636,0
DA:639,0
DA:642,0
DA:643,0
DA:647,0
DA:650,0
DA:651,0
DA:652,0
DA:654,0
DA:655,0
DA:656,0
DA:657,0
DA:659,0
DA:660,0
DA:661,0
DA:667,0
DA:670,0
DA:671,0
DA:679,0
LF:197
LH:10
BRDA:88,0,0,0
BRDA:90,1,0,0
BRDA:90,1,1,0
BRDA:91,2,0,0
BRDA:91,2,1,0
BRDA:95,3,0,0
BRDA:95,3,1,0
BRDA:134,4,0,0
BRDA:134,4,1,0
BRDA:151,5,0,0
BRDA:151,5,1,0
BRDA:166,6,0,0
BRDA:166,6,1,0
BRDA:186,7,0,0
BRDA:186,7,1,0
BRDA:205,8,0,0
BRDA:205,8,1,0
BRDA:237,9,0,0
BRDA:237,9,1,0
BRDA:238,10,0,0
BRDA:238,10,1,0
BRDA:253,11,0,0
BRDA:253,11,1,0
BRDA:259,12,0,0
BRDA:259,12,1,0
BRDA:264,13,0,0
BRDA:264,13,1,0
BRDA:265,14,0,0
BRDA:265,14,1,0
BRDA:273,15,0,0
BRDA:273,15,1,0
BRDA:273,16,0,0
BRDA:273,16,1,0
BRDA:275,17,0,0
BRDA:275,17,1,0
BRDA:283,18,0,0
BRDA:283,18,1,0
BRDA:283,19,0,0
BRDA:283,19,1,0
BRDA:285,20,0,0
BRDA:285,20,1,0
BRDA:293,21,0,0
BRDA:293,21,1,0
BRDA:306,22,0,0
BRDA:306,22,1,0
BRDA:308,23,0,0
BRDA:308,23,1,0
BRDA:308,24,0,0
BRDA:308,24,1,0
BRDA:310,25,0,0
BRDA:310,25,1,0
BRDA:321,26,0,0
BRDA:321,26,1,0
BRDA:330,27,0,0
BRDA:330,27,1,0
BRDA:336,28,0,0
BRDA:336,28,1,0
BRDA:346,29,0,0
BRDA:346,29,1,0
BRDA:355,30,0,0
BRDA:355,30,1,0
BRDA:356,31,0,0
BRDA:356,31,1,0
BRDA:356,31,2,0
BRDA:369,32,0,0
BRDA:369,32,1,0
BRDA:370,33,0,0
BRDA:370,33,1,0
BRDA:370,33,2,0
BRDA:376,34,0,0
BRDA:376,34,1,0
BRDA:382,35,0,0
BRDA:382,35,1,0
BRDA:383,36,0,0
BRDA:383,36,1,0
BRDA:383,36,2,0
BRDA:396,37,0,0
BRDA:396,37,1,0
BRDA:397,38,0,0
BRDA:397,38,1,0
BRDA:409,39,0,0
BRDA:409,39,1,0
BRDA:410,40,0,0
BRDA:410,40,1,0
BRDA:418,41,0,0
BRDA:418,41,1,0
BRDA:423,42,0,0
BRDA:423,42,1,0
BRDA:426,43,0,0
BRDA:426,43,1,0
BRDA:426,44,0,0
BRDA:426,44,1,0
BRDA:432,45,0,0
BRDA:432,45,1,0
BRDA:433,46,0,0
BRDA:433,46,1,0
BRDA:433,46,2,0
BRDA:433,46,3,0
BRDA:433,46,4,0
BRDA:433,46,5,0
BRDA:448,47,0,0
BRDA:448,47,1,0
BRDA:449,48,0,0
BRDA:449,48,1,0
BRDA:449,48,2,0
BRDA:456,49,0,0
BRDA:456,49,1,0
BRDA:528,50,0,0
BRDA:528,50,1,0
BRDA:540,51,0,0
BRDA:540,51,1,0
BRDA:542,52,0,0
BRDA:542,52,1,0
BRDA:543,53,0,0
BRDA:543,53,1,0
BRDA:554,54,0,0
BRDA:554,54,1,0
BRDA:557,55,0,0
BRDA:557,55,1,0
BRDA:559,56,0,0
BRDA:559,56,1,0
BRDA:573,57,0,0
BRDA:573,57,1,0
BRDA:579,58,0,0
BRDA:579,58,1,0
BRDA:595,59,0,0
BRDA:595,59,1,0
BRDA:596,60,0,0
BRDA:596,60,1,0
BRDA:596,61,0,0
BRDA:596,61,1,0
BRDA:603,62,0,0
BRDA:603,62,1,0
BRDA:603,63,0,0
BRDA:603,63,1,0
BRDA:610,64,0,0
BRDA:610,64,1,0
BRDA:617,65,0,0
BRDA:617,65,1,0
BRDA:642,66,0,0
BRDA:642,66,1,0
BRDA:650,67,0,0
BRDA:650,67,1,0
BRDA:650,68,0,0
BRDA:650,68,1,0
BRDA:650,68,2,0
BRDA:655,69,0,0
BRDA:655,69,1,0
BRDA:655,70,0,0
BRDA:655,70,1,0
BRDA:659,71,0,0
BRDA:659,71,1,0
BRDA:659,72,0,0
BRDA:659,72,1,0
BRDA:670,73,0,0
BRDA:670,73,1,0
BRF:156
BRH:0
end_of_record
